Log file open, 03/04/20 16:18:50
LogWindows: Failed to load 'aqProf.dll' (GetLastError=126)
LogWindows: File 'aqProf.dll' does not exist
LogWindows: Failed to load 'VtuneApi.dll' (GetLastError=126)
LogWindows: File 'VtuneApi.dll' does not exist
LogWindows: Failed to load 'VtuneApi32e.dll' (GetLastError=126)
LogWindows: File 'VtuneApi32e.dll' does not exist
LogConsoleResponse: Display: Failed to find resolution value strings in scalability ini. Falling back to default.
LogInit: Display: Running engine for game: LevelDesign101
LogPlatformFile: Not using cached read wrapper
LogTaskGraph: Started task graph with 5 named threads and 35 total threads with 3 sets of task threads.
LogStats: Stats thread started at 0.095053
LogD3D11RHI: Loaded GFSDK_Aftermath_Lib.x64.dll
LogICUInternationalization: ICU TimeZone Detection - Raw Offset: -5:00, Platform Override: ''
LogPluginManager: Mounting plugin Paper2D
LogPluginManager: Mounting plugin AISupport
LogPluginManager: Mounting plugin LightPropagationVolume
LogPluginManager: Mounting plugin ActorLayerUtilities
LogPluginManager: Mounting plugin AnimationSharing
LogPluginManager: Mounting plugin CLionSourceCodeAccess
LogPluginManager: Mounting plugin CodeLiteSourceCodeAccess
LogPluginManager: Mounting plugin GitSourceControl
LogPluginManager: Mounting plugin KDevelopSourceCodeAccess
LogPluginManager: Mounting plugin NullSourceCodeAccess
LogPluginManager: Mounting plugin PerforceSourceControl
LogPluginManager: Mounting plugin PlasticSourceControl
LogPluginManager: Mounting plugin SubversionSourceControl
LogPluginManager: Mounting plugin UObjectPlugin
LogPluginManager: Mounting plugin VisualStudioCodeSourceCodeAccess
LogPluginManager: Mounting plugin VisualStudioSourceCodeAccess
LogPluginManager: Mounting plugin XCodeSourceCodeAccess
LogPluginManager: Mounting plugin AssetManagerEditor
LogPluginManager: Mounting plugin CryptoKeys
LogPluginManager: Mounting plugin CurveEditorTools
LogPluginManager: Mounting plugin DataValidation
LogPluginManager: Mounting plugin FacialAnimation
LogPluginManager: Mounting plugin GameplayTagsEditor
LogPluginManager: Mounting plugin MacGraphicsSwitching
LogPluginManager: Mounting plugin MaterialAnalyzer
LogPluginManager: Mounting plugin MobileLauncherProfileWizard
LogPluginManager: Mounting plugin PluginBrowser
LogPluginManager: Mounting plugin SpeedTreeImporter
LogPluginManager: Mounting plugin DatasmithContent
LogPluginManager: Mounting plugin VariantManagerContent
LogPluginManager: Mounting plugin AlembicImporter
LogPluginManager: Mounting plugin AutomationUtils
LogPluginManager: Mounting plugin BackChannel
LogPluginManager: Mounting plugin CharacterAI
LogPluginManager: Mounting plugin GeometryCache
LogPluginManager: Mounting plugin PlatformCrypto
LogPluginManager: Mounting plugin ProxyLODPlugin
LogPluginManager: Mounting plugin SkeletalReduction
LogPluginManager: Mounting plugin MagicLeap
LogPluginManager: Mounting plugin MagicLeapMedia
LogPluginManager: Mounting plugin MLSDK
LogPluginManager: Mounting plugin AndroidMedia
LogPluginManager: Mounting plugin AvfMedia
LogPluginManager: Mounting plugin ImgMedia
LogPluginManager: Mounting plugin MediaCompositing
LogPluginManager: Mounting plugin MediaPlayerEditor
LogPluginManager: Mounting plugin WebMMedia
LogPluginManager: Mounting plugin WmfMedia
LogPluginManager: Mounting plugin TcpMessaging
LogPluginManager: Mounting plugin UdpMessaging
LogPluginManager: Mounting plugin ActorSequence
LogPluginManager: Mounting plugin LevelSequenceEditor
LogPluginManager: Mounting plugin MatineeToLevelSequence
LogPluginManager: Mounting plugin NetcodeUnitTest
LogPluginManager: Mounting plugin NUTUnrealEngine4
LogPluginManager: Mounting plugin OnlineSubsystemGooglePlay
LogPluginManager: Mounting plugin OnlineSubsystemIOS
LogPluginManager: Mounting plugin OnlineSubsystem
LogPluginManager: Mounting plugin OnlineSubsystemNull
LogPluginManager: Mounting plugin OnlineSubsystemUtils
LogPluginManager: Mounting plugin LauncherChunkInstaller
LogPluginManager: Mounting plugin AndroidDeviceProfileSelector
LogPluginManager: Mounting plugin AndroidMoviePlayer
LogPluginManager: Mounting plugin AndroidPermission
LogPluginManager: Mounting plugin AppleImageUtils
LogPluginManager: Mounting plugin AppleMoviePlayer
LogPluginManager: Mounting plugin ArchVisCharacter
LogPluginManager: Mounting plugin AssetTags
LogPluginManager: Mounting plugin AudioCapture
LogPluginManager: Mounting plugin CableComponent
LogPluginManager: Mounting plugin CustomMeshComponent
LogPluginManager: Mounting plugin EditableMesh
LogPluginManager: Mounting plugin ExampleDeviceProfileSelector
LogPluginManager: Mounting plugin GoogleCloudMessaging
LogPluginManager: Mounting plugin IOSDeviceProfileSelector
LogPluginManager: Mounting plugin LinuxDeviceProfileSelector
LogPluginManager: Mounting plugin LocationServicesBPLibrary
LogPluginManager: Mounting plugin MobilePatchingUtils
LogPluginManager: Mounting plugin OculusVR
LogPluginManager: Mounting plugin PhysXVehicles
LogPluginManager: Mounting plugin PostSplashScreen
LogPluginManager: Mounting plugin ProceduralMeshComponent
LogPluginManager: Mounting plugin RuntimePhysXCooking
LogPluginManager: Mounting plugin SignificanceManager
LogPluginManager: Mounting plugin SteamVR
LogPluginManager: Mounting plugin WebMMoviePlayer
LogPluginManager: Mounting plugin WindowsMoviePlayer
LogPluginManager: Mounting plugin ScreenshotTools
LogInit: Using libcurl 7.55.1-DEV
LogInit:  - built for x86_64-pc-win32
LogInit:  - supports SSL with OpenSSL/1.1.1
LogInit:  - supports HTTP deflate (compression) using libz 1.2.8
LogInit:  - other features:
LogInit:      CURL_VERSION_SSL
LogInit:      CURL_VERSION_LIBZ
LogInit:      CURL_VERSION_IPV6
LogInit:      CURL_VERSION_ASYNCHDNS
LogInit:      CURL_VERSION_LARGEFILE
LogInit:      CURL_VERSION_IDN
LogInit:  CurlRequestOptions (configurable via config and command line):
LogInit:  - bVerifyPeer = true  - Libcurl will verify peer certificate
LogInit:  - bUseHttpProxy = false  - Libcurl will NOT use HTTP proxy
LogInit:  - bDontReuseConnections = false  - Libcurl will reuse connections
LogInit:  - MaxHostConnections = 16  - Libcurl will limit the number of connections to a host
LogInit:  - LocalHostAddr = Default
LogInit:  - BufferSize = 65536
LogOnline: OSS: Creating online subsystem instance for: NULL
LogInit: WinSock: version 1.1 (2.2), MaxSocks=32767, MaxUdp=65467
LogOnline: OSS: TryLoadSubsystemAndSetDefault: Loaded subsystem for module [NULL]
LogInit: Build: ++UE4+Release-4.24-CL-10757647
LogInit: Engine Version: 4.24.1-10757647+++UE4+Release-4.24
LogInit: Compatible Engine Version: 4.24.0-10570792+++UE4+Release-4.24
LogInit: Net CL: 10570792
LogInit: OS: Windows 10 (Release 1903) (), CPU: Intel(R) Core(TM) i7-8750H CPU @ 2.20GHz, GPU: NVIDIA GeForce GTX 1070
LogInit: Compiled (64-bit): Dec 17 2019 02:08:03
LogInit: Compiled with Visual C++: 19.16.27032.01
LogInit: Build Configuration: Development
LogInit: Branch Name: ++UE4+Release-4.24
LogInit: Command Line:  -EpicPortal -epicusername=NoHatTronTron -epicuserid=41643f491baa4d3da310d02c19c9c85e -epiclocale=en
LogInit: Base Directory: G:/Epic Games/UE_4.24/Engine/Binaries/Win64/
LogInit: Installed Engine Build: 1
LogDevObjectVersion: Number of dev versions registered: 25
LogDevObjectVersion:   Dev-Blueprints (B0D832E4-1F89-4F0D-ACCF-7EB736FD4AA2): 10
LogDevObjectVersion:   Dev-Build (E1C64328-A22C-4D53-A36C-8E866417BD8C): 0
LogDevObjectVersion:   Dev-Core (375EC13C-06E4-48FB-B500-84F0262A717E): 3
LogDevObjectVersion:   Dev-Editor (E4B068ED-F494-42E9-A231-DA0B2E46BB41): 37
LogDevObjectVersion:   Dev-Framework (CFFC743F-43B0-4480-9391-14DF171D2073): 36
LogDevObjectVersion:   Dev-Mobile (B02B49B5-BB20-44E9-A304-32B752E40360): 2
LogDevObjectVersion:   Dev-Networking (A4E4105C-59A1-49B5-A7C5-40C4547EDFEE): 0
LogDevObjectVersion:   Dev-Online (39C831C9-5AE6-47DC-9A44-9C173E1C8E7C): 0
LogDevObjectVersion:   Dev-Physics (78F01B33-EBEA-4F98-B9B4-84EACCB95AA2): 2
LogDevObjectVersion:   Dev-Platform (6631380F-2D4D-43E0-8009-CF276956A95A): 0
LogDevObjectVersion:   Dev-Rendering (12F88B9F-8875-4AFC-A67C-D90C383ABD29): 36
LogDevObjectVersion:   Dev-Sequencer (7B5AE74C-D270-4C10-A958-57980B212A5A): 11
LogDevObjectVersion:   Dev-VR (D7296918-1DD6-4BDD-9DE2-64A83CC13884): 2
LogDevObjectVersion:   Dev-LoadTimes (C2A15278-BFE7-4AFE-6C17-90FF531DF755): 1
LogDevObjectVersion:   Private-Geometry (6EACA3D4-40EC-4CC1-B786-8BED09428FC5): 3
LogDevObjectVersion:   Dev-AnimPhys (29E575DD-E0A3-4627-9D10-D276232CDCEA): 17
LogDevObjectVersion:   Dev-Anim (AF43A65D-7FD3-4947-9873-3E8ED9C1BB05): 2
LogDevObjectVersion:   Dev-ReflectionCapture (6B266CEC-1EC7-4B8F-A30B-E4D90942FC07): 1
LogDevObjectVersion:   Dev-Automation (0DF73D61-A23F-47EA-B727-89E90C41499A): 1
LogDevObjectVersion:   FortniteMain (601D1886-AC64-4F84-AA16-D3DE0DEAC7D6): 31
LogDevObjectVersion:   Dev-Enterprise (9DFFBCD6-494F-0158-E221-12823C92A888): 8
LogDevObjectVersion:   Dev-Niagara (F2AED0AC-9AFE-416F-8664-AA7FFA26D6FC): 1
LogDevObjectVersion:   Dev-Destruction (174F1F0B-B4C6-45A5-B13F-2EE8D0FB917D): 9
LogDevObjectVersion:   Dev-Physics-Ext (35F94A83-E258-406C-A318-09F59610247C): 8
LogDevObjectVersion:   Dev-CineCamera (B2E18506-4273-CFC2-A54E-F4BB758BBA07): 1
LogInit: Presizing for max 25165824 objects, including 0 objects not considered by GC, pre-allocating 0 bytes for permanent pool.
LogInit: Object subsystem initialized
LogConfig: Setting CVar [[con.DebugEarlyDefault:1]]
LogConfig: Setting CVar [[r.setres:1280x720]]
[2020.03.04-21.18.50:993][  0]LogConfig: Setting CVar [[r.VSync:0]]
[2020.03.04-21.18.50:993][  0]LogConfig: Setting CVar [[r.RHICmdBypass:0]]
[2020.03.04-21.18.50:993][  0]LogConfig: Applying CVar settings from Section [/Script/Engine.RendererSettings] File [D:/LevelDesign/LevelDesign101/LevelDesign101/Saved/Config/Windows/Engine.ini]
[2020.03.04-21.18.50:993][  0]LogConfig: Setting CVar [[r.GPUCrashDebugging:0]]
[2020.03.04-21.18.50:993][  0]LogConfig: Applying CVar settings from Section [/Script/Engine.RendererOverrideSettings] File [D:/LevelDesign/LevelDesign101/LevelDesign101/Saved/Config/Windows/Engine.ini]
[2020.03.04-21.18.50:993][  0]LogConfig: Applying CVar settings from Section [/Script/Engine.StreamingSettings] File [D:/LevelDesign/LevelDesign101/LevelDesign101/Saved/Config/Windows/Engine.ini]
[2020.03.04-21.18.50:993][  0]LogConfig: Setting CVar [[s.MinBulkDataSizeForAsyncLoading:131072]]
[2020.03.04-21.18.50:993][  0]LogConfig: Setting CVar [[s.AsyncLoadingThreadEnabled:0]]
[2020.03.04-21.18.50:993][  0]LogConfig: Setting CVar [[s.EventDrivenLoaderEnabled:1]]
[2020.03.04-21.18.50:993][  0]LogConfig: Setting CVar [[s.WarnIfTimeLimitExceeded:0]]
[2020.03.04-21.18.50:993][  0]LogConfig: Setting CVar [[s.TimeLimitExceededMultiplier:1.5]]
[2020.03.04-21.18.50:993][  0]LogConfig: Setting CVar [[s.TimeLimitExceededMinTime:0.005]]
[2020.03.04-21.18.50:993][  0]LogConfig: Setting CVar [[s.UseBackgroundLevelStreaming:1]]
[2020.03.04-21.18.50:993][  0]LogConfig: Setting CVar [[s.PriorityAsyncLoadingExtraTime:15.0]]
[2020.03.04-21.18.50:993][  0]LogConfig: Setting CVar [[s.LevelStreamingActorsUpdateTimeLimit:5.0]]
[2020.03.04-21.18.50:993][  0]LogConfig: Setting CVar [[s.PriorityLevelStreamingActorsUpdateExtraTime:5.0]]
[2020.03.04-21.18.50:993][  0]LogConfig: Setting CVar [[s.LevelStreamingComponentsRegistrationGranularity:10]]
[2020.03.04-21.18.50:993][  0]LogConfig: Setting CVar [[s.UnregisterComponentsTimeLimit:1.0]]
[2020.03.04-21.18.50:993][  0]LogConfig: Setting CVar [[s.LevelStreamingComponentsUnregistrationGranularity:5]]
[2020.03.04-21.18.50:993][  0]LogConfig: Setting CVar [[s.FlushStreamingOnExit:1]]
[2020.03.04-21.18.50:994][  0]LogConfig: Applying CVar settings from Section [/Script/Engine.GarbageCollectionSettings] File [D:/LevelDesign/LevelDesign101/LevelDesign101/Saved/Config/Windows/Engine.ini]
[2020.03.04-21.18.50:994][  0]LogConfig: Setting CVar [[gc.MaxObjectsNotConsideredByGC:1]]
[2020.03.04-21.18.50:994][  0]LogConfig: Setting CVar [[gc.SizeOfPermanentObjectPool:0]]
[2020.03.04-21.18.50:994][  0]LogConfig: Setting CVar [[gc.FlushStreamingOnGC:0]]
[2020.03.04-21.18.50:994][  0]LogConfig: Setting CVar [[gc.NumRetriesBeforeForcingGC:10]]
[2020.03.04-21.18.50:994][  0]LogConfig: Setting CVar [[gc.AllowParallelGC:1]]
[2020.03.04-21.18.50:994][  0]LogConfig: Setting CVar [[gc.TimeBetweenPurgingPendingKillObjects:61.1]]
[2020.03.04-21.18.50:994][  0]LogConfig: Setting CVar [[gc.MaxObjectsInEditor:25165824]]
[2020.03.04-21.18.50:994][  0]LogConfig: Setting CVar [[gc.IncrementalBeginDestroyEnabled:1]]
[2020.03.04-21.18.50:994][  0]LogConfig: Setting CVar [[gc.CreateGCClusters:1]]
[2020.03.04-21.18.50:994][  0]LogConfig: Setting CVar [[gc.MinGCClusterSize:5]]
[2020.03.04-21.18.50:994][  0]LogConfig: Setting CVar [[gc.ActorClusteringEnabled:0]]
[2020.03.04-21.18.50:994][  0]LogConfig: Setting CVar [[gc.BlueprintClusteringEnabled:0]]
[2020.03.04-21.18.50:994][  0]LogConfig: Setting CVar [[gc.UseDisregardForGCOnDedicatedServers:0]]
[2020.03.04-21.18.50:994][  0]LogConfig: Applying CVar settings from Section [/Script/Engine.NetworkSettings] File [D:/LevelDesign/LevelDesign101/LevelDesign101/Saved/Config/Windows/Engine.ini]
[2020.03.04-21.18.50:994][  0]LogConfig: Applying CVar settings from Section [/Script/UnrealEd.CookerSettings] File [D:/LevelDesign/LevelDesign101/LevelDesign101/Saved/Config/Windows/Engine.ini]
[2020.03.04-21.18.50:997][  0]LogConfig: Applying CVar settings from Section [ViewDistanceQuality@3] File [D:/LevelDesign/LevelDesign101/LevelDesign101/Saved/Config/Windows/Scalability.ini]
[2020.03.04-21.18.50:997][  0]LogConfig: Setting CVar [[r.SkeletalMeshLODBias:0]]
[2020.03.04-21.18.50:997][  0]LogConfig: Setting CVar [[r.ViewDistanceScale:1.0]]
[2020.03.04-21.18.50:997][  0]LogConfig: Applying CVar settings from Section [AntiAliasingQuality@3] File [D:/LevelDesign/LevelDesign101/LevelDesign101/Saved/Config/Windows/Scalability.ini]
[2020.03.04-21.18.50:997][  0]LogConfig: Setting CVar [[r.PostProcessAAQuality:4]]
[2020.03.04-21.18.50:997][  0]LogConfig: Applying CVar settings from Section [ShadowQuality@3] File [D:/LevelDesign/LevelDesign101/LevelDesign101/Saved/Config/Windows/Scalability.ini]
[2020.03.04-21.18.50:997][  0]LogConfig: Setting CVar [[r.LightFunctionQuality:1]]
[2020.03.04-21.18.50:997][  0]LogConfig: Setting CVar [[r.ShadowQuality:5]]
[2020.03.04-21.18.50:997][  0]LogConfig: Setting CVar [[r.Shadow.CSM.MaxCascades:10]]
[2020.03.04-21.18.50:997][  0]LogConfig: Setting CVar [[r.Shadow.MaxResolution:2048]]
[2020.03.04-21.18.50:997][  0]LogConfig: Setting CVar [[r.Shadow.MaxCSMResolution:2048]]
[2020.03.04-21.18.50:997][  0]LogConfig: Setting CVar [[r.Shadow.RadiusThreshold:0.01]]
[2020.03.04-21.18.50:997][  0]LogConfig: Setting CVar [[r.Shadow.DistanceScale:1.0]]
[2020.03.04-21.18.50:997][  0]LogConfig: Setting CVar [[r.Shadow.CSM.TransitionScale:1.0]]
[2020.03.04-21.18.50:997][  0]LogConfig: Setting CVar [[r.Shadow.PreShadowResolutionFactor:1.0]]
[2020.03.04-21.18.50:997][  0]LogConfig: Setting CVar [[r.DistanceFieldShadowing:1]]
[2020.03.04-21.18.50:997][  0]LogConfig: Setting CVar [[r.DistanceFieldAO:1]]
[2020.03.04-21.18.50:997][  0]LogConfig: Setting CVar [[r.AOQuality:2]]
[2020.03.04-21.18.50:997][  0]LogConfig: Setting CVar [[r.VolumetricFog:1]]
[2020.03.04-21.18.50:997][  0]LogConfig: Setting CVar [[r.VolumetricFog.GridPixelSize:8]]
[2020.03.04-21.18.50:997][  0]LogConfig: Setting CVar [[r.VolumetricFog.GridSizeZ:128]]
[2020.03.04-21.18.50:997][  0]LogConfig: Setting CVar [[r.VolumetricFog.HistoryMissSupersampleCount:4]]
[2020.03.04-21.18.50:997][  0]LogConfig: Setting CVar [[r.LightMaxDrawDistanceScale:1]]
[2020.03.04-21.18.50:997][  0]LogConfig: Setting CVar [[r.CapsuleShadows:1]]
[2020.03.04-21.18.50:997][  0]LogConfig: Applying CVar settings from Section [PostProcessQuality@3] File [D:/LevelDesign/LevelDesign101/LevelDesign101/Saved/Config/Windows/Scalability.ini]
[2020.03.04-21.18.50:998][  0]LogConfig: Setting CVar [[r.MotionBlurQuality:4]]
[2020.03.04-21.18.50:998][  0]LogConfig: Setting CVar [[r.AmbientOcclusionMipLevelFactor:0.4]]
[2020.03.04-21.18.50:998][  0]LogConfig: Setting CVar [[r.AmbientOcclusionMaxQuality:100]]
[2020.03.04-21.18.50:998][  0]LogConfig: Setting CVar [[r.AmbientOcclusionLevels:-1]]
[2020.03.04-21.18.50:998][  0]LogConfig: Setting CVar [[r.AmbientOcclusionRadiusScale:1.0]]
[2020.03.04-21.18.50:998][  0]LogConfig: Setting CVar [[r.DepthOfFieldQuality:2]]
[2020.03.04-21.18.50:998][  0]LogConfig: Setting CVar [[r.RenderTargetPoolMin:400]]
[2020.03.04-21.18.50:998][  0]LogConfig: Setting CVar [[r.LensFlareQuality:2]]
[2020.03.04-21.18.50:998][  0]LogConfig: Setting CVar [[r.SceneColorFringeQuality:1]]
[2020.03.04-21.18.50:998][  0]LogConfig: Setting CVar [[r.EyeAdaptationQuality:2]]
[2020.03.04-21.18.50:998][  0]LogConfig: Setting CVar [[r.BloomQuality:5]]
[2020.03.04-21.18.50:998][  0]LogConfig: Setting CVar [[r.FastBlurThreshold:100]]
[2020.03.04-21.18.50:998][  0]LogConfig: Setting CVar [[r.Upscale.Quality:3]]
[2020.03.04-21.18.50:998][  0]LogConfig: Setting CVar [[r.Tonemapper.GrainQuantization:1]]
[2020.03.04-21.18.50:998][  0]LogConfig: Setting CVar [[r.LightShaftQuality:1]]
[2020.03.04-21.18.50:998][  0]LogConfig: Setting CVar [[r.Filter.SizeScale:1]]
[2020.03.04-21.18.50:998][  0]LogConfig: Setting CVar [[r.Tonemapper.Quality:5]]
[2020.03.04-21.18.50:998][  0]LogConfig: Setting CVar [[r.DOF.Gather.AccumulatorQuality:1        ; higher gathering accumulator quality]]
[2020.03.04-21.18.50:998][  0]LogConfig: Setting CVar [[r.DOF.Gather.PostfilterMethod:1          ; Median3x3 postfilering method]]
[2020.03.04-21.18.50:998][  0]LogConfig: Setting CVar [[r.DOF.Gather.EnableBokehSettings:0       ; no bokeh simulation when gathering]]
[2020.03.04-21.18.50:998][  0]LogConfig: Setting CVar [[r.DOF.Gather.RingCount:4                 ; medium number of samples when gathering]]
[2020.03.04-21.18.50:998][  0]LogConfig: Setting CVar [[r.DOF.Scatter.ForegroundCompositing:1    ; additive foreground scattering]]
[2020.03.04-21.18.50:998][  0]LogConfig: Setting CVar [[r.DOF.Scatter.BackgroundCompositing:2    ; additive background scattering]]
[2020.03.04-21.18.50:998][  0]LogConfig: Setting CVar [[r.DOF.Scatter.EnableBokehSettings:1      ; bokeh simulation when scattering]]
[2020.03.04-21.18.50:998][  0]LogConfig: Setting CVar [[r.DOF.Scatter.MaxSpriteRatio:0.1         ; only a maximum of 10% of scattered bokeh]]
[2020.03.04-21.18.50:998][  0]LogConfig: Setting CVar [[r.DOF.Recombine.Quality:1                ; cheap slight out of focus]]
[2020.03.04-21.18.50:998][  0]LogConfig: Setting CVar [[r.DOF.Recombine.EnableBokehSettings:0    ; no bokeh simulation on slight out of focus]]
[2020.03.04-21.18.50:998][  0]LogConfig: Setting CVar [[r.DOF.TemporalAAQuality:1                ; more stable temporal accumulation]]
[2020.03.04-21.18.50:998][  0]LogConfig: Setting CVar [[r.DOF.Kernel.MaxForegroundRadius:0.025]]
[2020.03.04-21.18.50:998][  0]LogConfig: Setting CVar [[r.DOF.Kernel.MaxBackgroundRadius:0.025]]
[2020.03.04-21.18.50:998][  0]LogConfig: Applying CVar settings from Section [TextureQuality@3] File [D:/LevelDesign/LevelDesign101/LevelDesign101/Saved/Config/Windows/Scalability.ini]
[2020.03.04-21.18.50:998][  0]LogConfig: Setting CVar [[r.Streaming.MipBias:0]]
[2020.03.04-21.18.50:998][  0]LogConfig: Setting CVar [[r.Streaming.AmortizeCPUToGPUCopy:0]]
[2020.03.04-21.18.50:998][  0]LogConfig: Setting CVar [[r.Streaming.MaxNumTexturesToStreamPerFrame:0]]
[2020.03.04-21.18.50:998][  0]LogConfig: Setting CVar [[r.Streaming.Boost:1]]
[2020.03.04-21.18.50:998][  0]LogConfig: Setting CVar [[r.MaxAnisotropy:8]]
[2020.03.04-21.18.50:998][  0]LogConfig: Setting CVar [[r.VT.MaxAnisotropy:8]]
[2020.03.04-21.18.50:998][  0]LogConfig: Setting CVar [[r.Streaming.LimitPoolSizeToVRAM:0]]
[2020.03.04-21.18.50:998][  0]LogConfig: Setting CVar [[r.Streaming.PoolSize:1000]]
[2020.03.04-21.18.50:998][  0]LogConfig: Setting CVar [[r.Streaming.MaxEffectiveScreenSize:0]]
[2020.03.04-21.18.50:998][  0]LogConfig: Applying CVar settings from Section [EffectsQuality@3] File [D:/LevelDesign/LevelDesign101/LevelDesign101/Saved/Config/Windows/Scalability.ini]
[2020.03.04-21.18.50:998][  0]LogConfig: Setting CVar [[r.TranslucencyLightingVolumeDim:64]]
[2020.03.04-21.18.50:998][  0]LogConfig: Setting CVar [[r.RefractionQuality:2]]
[2020.03.04-21.18.50:998][  0]LogConfig: Setting CVar [[r.SSR.Quality:3]]
[2020.03.04-21.18.50:998][  0]LogConfig: Setting CVar [[r.SSR.HalfResSceneColor:0]]
[2020.03.04-21.18.50:998][  0]LogConfig: Setting CVar [[r.SceneColorFormat:4]]
[2020.03.04-21.18.50:998][  0]LogConfig: Setting CVar [[r.DetailMode:2]]
[2020.03.04-21.18.50:998][  0]LogConfig: Setting CVar [[r.TranslucencyVolumeBlur:1]]
[2020.03.04-21.18.50:998][  0]LogConfig: Setting CVar [[r.MaterialQualityLevel:1 ; High quality]]
[2020.03.04-21.18.50:998][  0]LogConfig: Setting CVar [[r.SSS.Scale:1]]
[2020.03.04-21.18.50:998][  0]LogConfig: Setting CVar [[r.SSS.SampleSet:2]]
[2020.03.04-21.18.50:998][  0]LogConfig: Setting CVar [[r.SSS.Quality:1]]
[2020.03.04-21.18.50:998][  0]LogConfig: Setting CVar [[r.SSS.HalfRes:1]]
[2020.03.04-21.18.50:998][  0]LogConfig: Setting CVar [[r.SSGI.Quality:3]]
[2020.03.04-21.18.50:998][  0]LogConfig: Setting CVar [[r.EmitterSpawnRateScale:1.0]]
[2020.03.04-21.18.50:998][  0]LogConfig: Setting CVar [[r.ParticleLightQuality:2]]
[2020.03.04-21.18.50:998][  0]LogConfig: Setting CVar [[r.SkyAtmosphere.AerialPerspectiveLUT.FastApplyOnOpaque:1 ; Always have FastSkyLUT 1 in this case to avoid wrong sky]]
[2020.03.04-21.18.50:998][  0]LogConfig: Setting CVar [[r.SkyAtmosphere.AerialPerspectiveLUT.SampleCountPerSlice:1]]
[2020.03.04-21.18.50:998][  0]LogConfig: Setting CVar [[r.SkyAtmosphere.AerialPerspectiveLUT.DepthResolution:16.0]]
[2020.03.04-21.18.50:998][  0]LogConfig: Setting CVar [[r.SkyAtmosphere.FastSkyLUT:1]]
[2020.03.04-21.18.50:998][  0]LogConfig: Setting CVar [[r.SkyAtmosphere.FastSkyLUT.SampleCountMin:4.0]]
[2020.03.04-21.18.50:998][  0]LogConfig: Setting CVar [[r.SkyAtmosphere.FastSkyLUT.SampleCountMax:32.0]]
[2020.03.04-21.18.50:998][  0]LogConfig: Setting CVar [[r.SkyAtmosphere.SampleCountMin:4.0]]
[2020.03.04-21.18.50:998][  0]LogConfig: Setting CVar [[r.SkyAtmosphere.SampleCountMax:32.0]]
[2020.03.04-21.18.50:998][  0]LogConfig: Setting CVar [[r.SkyAtmosphere.TransmittanceLUT.UseSmallFormat:0]]
[2020.03.04-21.18.50:998][  0]LogConfig: Setting CVar [[r.SkyAtmosphere.TransmittanceLUT.SampleCount:10.0]]
[2020.03.04-21.18.50:998][  0]LogConfig: Setting CVar [[r.SkyAtmosphere.MultiScatteringLUT.SampleCount:15.0]]
[2020.03.04-21.18.50:998][  0]LogConfig: Applying CVar settings from Section [FoliageQuality@3] File [D:/LevelDesign/LevelDesign101/LevelDesign101/Saved/Config/Windows/Scalability.ini]
[2020.03.04-21.18.50:998][  0]LogConfig: Setting CVar [[foliage.DensityScale:1.0]]
[2020.03.04-21.18.50:998][  0]LogConfig: Setting CVar [[grass.DensityScale:1.0]]
[2020.03.04-21.18.50:998][  0]LogConfig: Applying CVar settings from Section [ShadingQuality@3] File [D:/LevelDesign/LevelDesign101/LevelDesign101/Saved/Config/Windows/Scalability.ini]
[2020.03.04-21.18.50:998][  0]LogConfig: Setting CVar [[r.HairStrands.SkyLighting.SampleCount:16]]
[2020.03.04-21.18.50:998][  0]LogConfig: Setting CVar [[r.HairStrands.SkyLighting.JitterIntegration:0]]
[2020.03.04-21.18.50:998][  0]LogConfig: Setting CVar [[r.HairStrands.SkyAO.SampleCount:16]]
[2020.03.04-21.18.50:999][  0]LogInit: Selected Device Profile: [Windows]
[2020.03.04-21.18.50:999][  0]LogInit: Applying CVar settings loaded from the selected device profile: [Windows]
[2020.03.04-21.18.51:001][  0]LogHAL: Display: Platform has ~ 16 GB [17032564736 / 17179869184 / 16], which maps to Larger [LargestMinGB=32, LargerMinGB=12, DefaultMinGB=8, SmallerMinGB=6, SmallestMinGB=0)
[2020.03.04-21.18.51:001][  0]LogInit: Going up to parent DeviceProfile []
[2020.03.04-21.18.51:001][  0]LogConfig: Applying CVar settings from Section [ViewDistanceQuality@3] File [D:/LevelDesign/LevelDesign101/LevelDesign101/Saved/Config/Windows/Scalability.ini]
[2020.03.04-21.18.51:001][  0]LogConfig: Setting CVar [[r.SkeletalMeshLODBias:0]]
[2020.03.04-21.18.51:001][  0]LogConfig: Setting CVar [[r.ViewDistanceScale:1.0]]
[2020.03.04-21.18.51:001][  0]LogConfig: Applying CVar settings from Section [AntiAliasingQuality@3] File [D:/LevelDesign/LevelDesign101/LevelDesign101/Saved/Config/Windows/Scalability.ini]
[2020.03.04-21.18.51:001][  0]LogConfig: Setting CVar [[r.PostProcessAAQuality:4]]
[2020.03.04-21.18.51:001][  0]LogConfig: Applying CVar settings from Section [ShadowQuality@3] File [D:/LevelDesign/LevelDesign101/LevelDesign101/Saved/Config/Windows/Scalability.ini]
[2020.03.04-21.18.51:001][  0]LogConfig: Setting CVar [[r.LightFunctionQuality:1]]
[2020.03.04-21.18.51:001][  0]LogConfig: Setting CVar [[r.ShadowQuality:5]]
[2020.03.04-21.18.51:001][  0]LogConfig: Setting CVar [[r.Shadow.CSM.MaxCascades:10]]
[2020.03.04-21.18.51:001][  0]LogConfig: Setting CVar [[r.Shadow.MaxResolution:2048]]
[2020.03.04-21.18.51:001][  0]LogConfig: Setting CVar [[r.Shadow.MaxCSMResolution:2048]]
[2020.03.04-21.18.51:001][  0]LogConfig: Setting CVar [[r.Shadow.RadiusThreshold:0.01]]
[2020.03.04-21.18.51:001][  0]LogConfig: Setting CVar [[r.Shadow.DistanceScale:1.0]]
[2020.03.04-21.18.51:001][  0]LogConfig: Setting CVar [[r.Shadow.CSM.TransitionScale:1.0]]
[2020.03.04-21.18.51:001][  0]LogConfig: Setting CVar [[r.Shadow.PreShadowResolutionFactor:1.0]]
[2020.03.04-21.18.51:001][  0]LogConfig: Setting CVar [[r.DistanceFieldShadowing:1]]
[2020.03.04-21.18.51:001][  0]LogConfig: Setting CVar [[r.DistanceFieldAO:1]]
[2020.03.04-21.18.51:001][  0]LogConfig: Setting CVar [[r.AOQuality:2]]
[2020.03.04-21.18.51:001][  0]LogConfig: Setting CVar [[r.VolumetricFog:1]]
[2020.03.04-21.18.51:001][  0]LogConfig: Setting CVar [[r.VolumetricFog.GridPixelSize:8]]
[2020.03.04-21.18.51:001][  0]LogConfig: Setting CVar [[r.VolumetricFog.GridSizeZ:128]]
[2020.03.04-21.18.51:001][  0]LogConfig: Setting CVar [[r.VolumetricFog.HistoryMissSupersampleCount:4]]
[2020.03.04-21.18.51:001][  0]LogConfig: Setting CVar [[r.LightMaxDrawDistanceScale:1]]
[2020.03.04-21.18.51:001][  0]LogConfig: Setting CVar [[r.CapsuleShadows:1]]
[2020.03.04-21.18.51:001][  0]LogConfig: Applying CVar settings from Section [PostProcessQuality@3] File [D:/LevelDesign/LevelDesign101/LevelDesign101/Saved/Config/Windows/Scalability.ini]
[2020.03.04-21.18.51:001][  0]LogConfig: Setting CVar [[r.MotionBlurQuality:4]]
[2020.03.04-21.18.51:001][  0]LogConfig: Setting CVar [[r.AmbientOcclusionMipLevelFactor:0.4]]
[2020.03.04-21.18.51:001][  0]LogConfig: Setting CVar [[r.AmbientOcclusionMaxQuality:100]]
[2020.03.04-21.18.51:001][  0]LogConfig: Setting CVar [[r.AmbientOcclusionLevels:-1]]
[2020.03.04-21.18.51:001][  0]LogConfig: Setting CVar [[r.AmbientOcclusionRadiusScale:1.0]]
[2020.03.04-21.18.51:001][  0]LogConfig: Setting CVar [[r.DepthOfFieldQuality:2]]
[2020.03.04-21.18.51:001][  0]LogConfig: Setting CVar [[r.RenderTargetPoolMin:400]]
[2020.03.04-21.18.51:001][  0]LogConfig: Setting CVar [[r.LensFlareQuality:2]]
[2020.03.04-21.18.51:001][  0]LogConfig: Setting CVar [[r.SceneColorFringeQuality:1]]
[2020.03.04-21.18.51:001][  0]LogConfig: Setting CVar [[r.EyeAdaptationQuality:2]]
[2020.03.04-21.18.51:001][  0]LogConfig: Setting CVar [[r.BloomQuality:5]]
[2020.03.04-21.18.51:001][  0]LogConfig: Setting CVar [[r.FastBlurThreshold:100]]
[2020.03.04-21.18.51:001][  0]LogConfig: Setting CVar [[r.Upscale.Quality:3]]
[2020.03.04-21.18.51:001][  0]LogConfig: Setting CVar [[r.Tonemapper.GrainQuantization:1]]
[2020.03.04-21.18.51:001][  0]LogConfig: Setting CVar [[r.LightShaftQuality:1]]
[2020.03.04-21.18.51:001][  0]LogConfig: Setting CVar [[r.Filter.SizeScale:1]]
[2020.03.04-21.18.51:001][  0]LogConfig: Setting CVar [[r.Tonemapper.Quality:5]]
[2020.03.04-21.18.51:001][  0]LogConfig: Setting CVar [[r.DOF.Gather.AccumulatorQuality:1        ; higher gathering accumulator quality]]
[2020.03.04-21.18.51:001][  0]LogConfig: Setting CVar [[r.DOF.Gather.PostfilterMethod:1          ; Median3x3 postfilering method]]
[2020.03.04-21.18.51:001][  0]LogConfig: Setting CVar [[r.DOF.Gather.EnableBokehSettings:0       ; no bokeh simulation when gathering]]
[2020.03.04-21.18.51:001][  0]LogConfig: Setting CVar [[r.DOF.Gather.RingCount:4                 ; medium number of samples when gathering]]
[2020.03.04-21.18.51:001][  0]LogConfig: Setting CVar [[r.DOF.Scatter.ForegroundCompositing:1    ; additive foreground scattering]]
[2020.03.04-21.18.51:001][  0]LogConfig: Setting CVar [[r.DOF.Scatter.BackgroundCompositing:2    ; additive background scattering]]
[2020.03.04-21.18.51:001][  0]LogConfig: Setting CVar [[r.DOF.Scatter.EnableBokehSettings:1      ; bokeh simulation when scattering]]
[2020.03.04-21.18.51:001][  0]LogConfig: Setting CVar [[r.DOF.Scatter.MaxSpriteRatio:0.1         ; only a maximum of 10% of scattered bokeh]]
[2020.03.04-21.18.51:001][  0]LogConfig: Setting CVar [[r.DOF.Recombine.Quality:1                ; cheap slight out of focus]]
[2020.03.04-21.18.51:001][  0]LogConfig: Setting CVar [[r.DOF.Recombine.EnableBokehSettings:0    ; no bokeh simulation on slight out of focus]]
[2020.03.04-21.18.51:001][  0]LogConfig: Setting CVar [[r.DOF.TemporalAAQuality:1                ; more stable temporal accumulation]]
[2020.03.04-21.18.51:001][  0]LogConfig: Setting CVar [[r.DOF.Kernel.MaxForegroundRadius:0.025]]
[2020.03.04-21.18.51:001][  0]LogConfig: Setting CVar [[r.DOF.Kernel.MaxBackgroundRadius:0.025]]
[2020.03.04-21.18.51:001][  0]LogConfig: Applying CVar settings from Section [TextureQuality@3] File [D:/LevelDesign/LevelDesign101/LevelDesign101/Saved/Config/Windows/Scalability.ini]
[2020.03.04-21.18.51:001][  0]LogConfig: Setting CVar [[r.Streaming.MipBias:0]]
[2020.03.04-21.18.51:001][  0]LogConfig: Setting CVar [[r.Streaming.AmortizeCPUToGPUCopy:0]]
[2020.03.04-21.18.51:001][  0]LogConfig: Setting CVar [[r.Streaming.MaxNumTexturesToStreamPerFrame:0]]
[2020.03.04-21.18.51:001][  0]LogConfig: Setting CVar [[r.Streaming.Boost:1]]
[2020.03.04-21.18.51:001][  0]LogConfig: Setting CVar [[r.MaxAnisotropy:8]]
[2020.03.04-21.18.51:001][  0]LogConfig: Setting CVar [[r.VT.MaxAnisotropy:8]]
[2020.03.04-21.18.51:001][  0]LogConfig: Setting CVar [[r.Streaming.LimitPoolSizeToVRAM:0]]
[2020.03.04-21.18.51:001][  0]LogConfig: Setting CVar [[r.Streaming.PoolSize:1000]]
[2020.03.04-21.18.51:001][  0]LogConfig: Setting CVar [[r.Streaming.MaxEffectiveScreenSize:0]]
[2020.03.04-21.18.51:001][  0]LogConfig: Applying CVar settings from Section [EffectsQuality@3] File [D:/LevelDesign/LevelDesign101/LevelDesign101/Saved/Config/Windows/Scalability.ini]
[2020.03.04-21.18.51:001][  0]LogConfig: Setting CVar [[r.TranslucencyLightingVolumeDim:64]]
[2020.03.04-21.18.51:001][  0]LogConfig: Setting CVar [[r.RefractionQuality:2]]
[2020.03.04-21.18.51:001][  0]LogConfig: Setting CVar [[r.SSR.Quality:3]]
[2020.03.04-21.18.51:001][  0]LogConfig: Setting CVar [[r.SSR.HalfResSceneColor:0]]
[2020.03.04-21.18.51:001][  0]LogConfig: Setting CVar [[r.SceneColorFormat:4]]
[2020.03.04-21.18.51:002][  0]LogConfig: Setting CVar [[r.DetailMode:2]]
[2020.03.04-21.18.51:002][  0]LogConfig: Setting CVar [[r.TranslucencyVolumeBlur:1]]
[2020.03.04-21.18.51:002][  0]LogConfig: Setting CVar [[r.MaterialQualityLevel:1 ; High quality]]
[2020.03.04-21.18.51:002][  0]LogConfig: Setting CVar [[r.SSS.Scale:1]]
[2020.03.04-21.18.51:002][  0]LogConfig: Setting CVar [[r.SSS.SampleSet:2]]
[2020.03.04-21.18.51:002][  0]LogConfig: Setting CVar [[r.SSS.Quality:1]]
[2020.03.04-21.18.51:002][  0]LogConfig: Setting CVar [[r.SSS.HalfRes:1]]
[2020.03.04-21.18.51:002][  0]LogConfig: Setting CVar [[r.SSGI.Quality:3]]
[2020.03.04-21.18.51:002][  0]LogConfig: Setting CVar [[r.EmitterSpawnRateScale:1.0]]
[2020.03.04-21.18.51:002][  0]LogConfig: Setting CVar [[r.ParticleLightQuality:2]]
[2020.03.04-21.18.51:002][  0]LogConfig: Setting CVar [[r.SkyAtmosphere.AerialPerspectiveLUT.FastApplyOnOpaque:1 ; Always have FastSkyLUT 1 in this case to avoid wrong sky]]
[2020.03.04-21.18.51:002][  0]LogConfig: Setting CVar [[r.SkyAtmosphere.AerialPerspectiveLUT.SampleCountPerSlice:1]]
[2020.03.04-21.18.51:002][  0]LogConfig: Setting CVar [[r.SkyAtmosphere.AerialPerspectiveLUT.DepthResolution:16.0]]
[2020.03.04-21.18.51:002][  0]LogConfig: Setting CVar [[r.SkyAtmosphere.FastSkyLUT:1]]
[2020.03.04-21.18.51:002][  0]LogConfig: Setting CVar [[r.SkyAtmosphere.FastSkyLUT.SampleCountMin:4.0]]
[2020.03.04-21.18.51:002][  0]LogConfig: Setting CVar [[r.SkyAtmosphere.FastSkyLUT.SampleCountMax:32.0]]
[2020.03.04-21.18.51:002][  0]LogConfig: Setting CVar [[r.SkyAtmosphere.SampleCountMin:4.0]]
[2020.03.04-21.18.51:002][  0]LogConfig: Setting CVar [[r.SkyAtmosphere.SampleCountMax:32.0]]
[2020.03.04-21.18.51:002][  0]LogConfig: Setting CVar [[r.SkyAtmosphere.TransmittanceLUT.UseSmallFormat:0]]
[2020.03.04-21.18.51:002][  0]LogConfig: Setting CVar [[r.SkyAtmosphere.TransmittanceLUT.SampleCount:10.0]]
[2020.03.04-21.18.51:002][  0]LogConfig: Setting CVar [[r.SkyAtmosphere.MultiScatteringLUT.SampleCount:15.0]]
[2020.03.04-21.18.51:002][  0]LogConfig: Applying CVar settings from Section [FoliageQuality@3] File [D:/LevelDesign/LevelDesign101/LevelDesign101/Saved/Config/Windows/Scalability.ini]
[2020.03.04-21.18.51:002][  0]LogConfig: Setting CVar [[foliage.DensityScale:1.0]]
[2020.03.04-21.18.51:002][  0]LogConfig: Setting CVar [[grass.DensityScale:1.0]]
[2020.03.04-21.18.51:002][  0]LogConfig: Applying CVar settings from Section [ShadingQuality@3] File [D:/LevelDesign/LevelDesign101/LevelDesign101/Saved/Config/Windows/Scalability.ini]
[2020.03.04-21.18.51:002][  0]LogConfig: Setting CVar [[r.HairStrands.SkyLighting.SampleCount:16]]
[2020.03.04-21.18.51:002][  0]LogConfig: Setting CVar [[r.HairStrands.SkyLighting.JitterIntegration:0]]
[2020.03.04-21.18.51:002][  0]LogConfig: Setting CVar [[r.HairStrands.SkyAO.SampleCount:16]]
[2020.03.04-21.18.51:002][  0]LogConfig: Applying CVar settings from Section [Startup] File [../../../Engine/Config/ConsoleVariables.ini]
[2020.03.04-21.18.51:002][  0]LogConfig: Setting CVar [[net.UseAdaptiveNetUpdateFrequency:0]]
[2020.03.04-21.18.51:002][  0]LogConfig: Setting CVar [[p.chaos.AllowCreatePhysxBodies:1]]
[2020.03.04-21.18.51:002][  0]LogConfig: Applying CVar settings from Section [ConsoleVariables] File [D:/LevelDesign/LevelDesign101/LevelDesign101/Saved/Config/Windows/Engine.ini]
[2020.03.04-21.18.51:002][  0]LogInit: Computer: DESKTOP-AKKFIAK
[2020.03.04-21.18.51:002][  0]LogInit: User: thank
[2020.03.04-21.18.51:002][  0]LogInit: CPU Page size=4096, Cores=6
[2020.03.04-21.18.51:002][  0]LogInit: High frequency timer resolution =10.000000 MHz
[2020.03.04-21.18.51:002][  0]LogMemory: Memory total: Physical=15.9GB (16GB approx)
[2020.03.04-21.18.51:002][  0]LogMemory: Platform Memory Stats for Windows
[2020.03.04-21.18.51:002][  0]LogMemory: Process Physical Memory: 109.79 MB used, 109.79 MB peak
[2020.03.04-21.18.51:002][  0]LogMemory: Process Virtual Memory: 102.01 MB used, 102.01 MB peak
[2020.03.04-21.18.51:002][  0]LogMemory: Physical Memory: 11390.36 MB used,  4853.16 MB free, 16243.52 MB total
[2020.03.04-21.18.51:002][  0]LogMemory: Virtual Memory: 5159.89 MB used,  134212568.00 MB free, 134217728.00 MB total
[2020.03.04-21.18.51:009][  0]LogWindows: WindowsPlatformFeatures enabled
[2020.03.04-21.18.51:030][  0]LogInit: Using OS detected language (en-US).
[2020.03.04-21.18.51:031][  0]LogInit: Using OS detected locale (en-US).
[2020.03.04-21.18.51:031][  0]LogTextLocalizationManager: No specific localization for 'en-US' exists, so the 'en' localization will be used.
[2020.03.04-21.18.51:169][  0]LogInit: Setting process to per monitor DPI aware
[2020.03.04-21.18.51:209][  0]LogSlate: New Slate User Created.  User Index 0, Is Virtual User: 0
[2020.03.04-21.18.51:209][  0]LogSlate: Slate User Registered.  User Index 0, Is Virtual User: 0
[2020.03.04-21.18.51:388][  0]LogHMD: Failed to initialize OpenVR with code 110
[2020.03.04-21.18.51:388][  0]LogD3D11RHI: D3D11 min allowed feature level: 11_0
[2020.03.04-21.18.51:388][  0]LogD3D11RHI: D3D11 max allowed feature level: 11_0
[2020.03.04-21.18.51:388][  0]LogD3D11RHI: D3D11 adapters:
[2020.03.04-21.18.51:465][  0]LogD3D11RHI:    0. 'NVIDIA GeForce GTX 1070' (Feature Level 11_0)
[2020.03.04-21.18.51:465][  0]LogD3D11RHI:       8081/0/8121 MB DedicatedVideo/DedicatedSystem/SharedSystem, Outputs:1, VendorId:0x10de
[2020.03.04-21.18.51:506][  0]LogD3D11RHI:    1. 'Intel(R) UHD Graphics 630' (Feature Level 11_0)
[2020.03.04-21.18.51:506][  0]LogD3D11RHI:       128/0/8121 MB DedicatedVideo/DedicatedSystem/SharedSystem, Outputs:0, VendorId:0x8086
[2020.03.04-21.18.51:509][  0]LogD3D11RHI:    2. 'Microsoft Basic Render Driver' (Feature Level 11_0)
[2020.03.04-21.18.51:509][  0]LogD3D11RHI:       0/0/8121 MB DedicatedVideo/DedicatedSystem/SharedSystem, Outputs:0, VendorId:0x1414
[2020.03.04-21.18.51:510][  0]LogD3D11RHI: Chosen D3D11 Adapter: 0
[2020.03.04-21.18.51:520][  0]LogD3D11RHI: Creating new Direct3DDevice
[2020.03.04-21.18.51:520][  0]LogD3D11RHI:     GPU DeviceId: 0x1be1 (for the marketing name, search the web for "GPU Device Id")
[2020.03.04-21.18.51:520][  0]LogWindows: EnumDisplayDevices:
[2020.03.04-21.18.51:520][  0]LogWindows:    0. 'NVIDIA GeForce GTX 1070' (P:1 D:1)
[2020.03.04-21.18.51:521][  0]LogWindows:    1. 'NVIDIA GeForce GTX 1070' (P:0 D:0)
[2020.03.04-21.18.51:521][  0]LogWindows:    2. 'NVIDIA GeForce GTX 1070' (P:0 D:0)
[2020.03.04-21.18.51:522][  0]LogWindows:    3. 'NVIDIA GeForce GTX 1070' (P:0 D:0)
[2020.03.04-21.18.51:522][  0]LogWindows:    4. 'Intel(R) UHD Graphics 630' (P:0 D:0)
[2020.03.04-21.18.51:523][  0]LogWindows:    5. 'Intel(R) UHD Graphics 630' (P:0 D:0)
[2020.03.04-21.18.51:523][  0]LogWindows:    6. 'Intel(R) UHD Graphics 630' (P:0 D:0)
[2020.03.04-21.18.51:524][  0]LogWindows: DebugString: PrimaryIsNotTheChoosenAdapter PrimaryIsNotTheChoosenAdapter PrimaryIsNotTheChoosenAdapter FoundDriverCount:4 
[2020.03.04-21.18.51:524][  0]LogD3D11RHI:     Adapter Name: NVIDIA GeForce GTX 1070
[2020.03.04-21.18.51:524][  0]LogD3D11RHI:   Driver Version: 431.53 (internal:26.21.14.3153, unified:431.53)
[2020.03.04-21.18.51:524][  0]LogD3D11RHI:      Driver Date: 7-12-2019
[2020.03.04-21.18.51:524][  0]LogRHI: Texture pool is 5656 MB (70% of 8081 MB)
[2020.03.04-21.18.51:564][  0]LogD3D11RHI: RHI has support for 64 bit atomics
[2020.03.04-21.18.51:564][  0]LogD3D11RHI: Async texture creation enabled
[2020.03.04-21.18.51:575][  0]LogD3D11RHI: GPU Timing Frequency: 1000.000000 (Debug: 2 1)
[2020.03.04-21.18.51:991][  0]LogTargetPlatformManager: Display: Loaded TargetPlatform 'AllDesktop'
[2020.03.04-21.18.52:019][  0]LogTargetPlatformManager: Display: Loaded TargetPlatform 'Android'
[2020.03.04-21.18.52:019][  0]LogTargetPlatformManager: Display: Loaded TargetPlatform 'Android_ASTC'
[2020.03.04-21.18.52:019][  0]LogTargetPlatformManager: Display: Loaded TargetPlatform 'Android_ATC'
[2020.03.04-21.18.52:019][  0]LogTargetPlatformManager: Display: Loaded TargetPlatform 'Android_DXT'
[2020.03.04-21.18.52:019][  0]LogTargetPlatformManager: Display: Loaded TargetPlatform 'Android_ETC1'
[2020.03.04-21.18.52:019][  0]LogTargetPlatformManager: Display: Loaded TargetPlatform 'Android_ETC1a'
[2020.03.04-21.18.52:019][  0]LogTargetPlatformManager: Display: Loaded TargetPlatform 'Android_ETC2'
[2020.03.04-21.18.52:019][  0]LogTargetPlatformManager: Display: Loaded TargetPlatform 'Android_PVRTC'
[2020.03.04-21.18.52:019][  0]LogTargetPlatformManager: Display: Loaded TargetPlatform 'AndroidClient'
[2020.03.04-21.18.52:019][  0]LogTargetPlatformManager: Display: Loaded TargetPlatform 'Android_ASTCClient'
[2020.03.04-21.18.52:019][  0]LogTargetPlatformManager: Display: Loaded TargetPlatform 'Android_ATCClient'
[2020.03.04-21.18.52:019][  0]LogTargetPlatformManager: Display: Loaded TargetPlatform 'Android_DXTClient'
[2020.03.04-21.18.52:019][  0]LogTargetPlatformManager: Display: Loaded TargetPlatform 'Android_ETC1Client'
[2020.03.04-21.18.52:019][  0]LogTargetPlatformManager: Display: Loaded TargetPlatform 'Android_ETC1aClient'
[2020.03.04-21.18.52:019][  0]LogTargetPlatformManager: Display: Loaded TargetPlatform 'Android_ETC2Client'
[2020.03.04-21.18.52:019][  0]LogTargetPlatformManager: Display: Loaded TargetPlatform 'Android_PVRTCClient'
[2020.03.04-21.18.52:019][  0]LogTargetPlatformManager: Display: Loaded TargetPlatform 'Android_Multi'
[2020.03.04-21.18.52:019][  0]LogTargetPlatformManager: Display: Loaded TargetPlatform 'Android_MultiClient'
[2020.03.04-21.18.52:035][  0]LogTargetPlatformManager: Display: Loaded TargetPlatform 'IOSClient'
[2020.03.04-21.18.52:035][  0]LogTargetPlatformManager: Display: Loaded TargetPlatform 'IOS'
[2020.03.04-21.18.52:041][  0]LogTargetPlatformManager: Display: Loaded TargetPlatform 'LinuxNoEditor'
[2020.03.04-21.18.52:047][  0]LogTargetPlatformManager: Display: Loaded TargetPlatform 'LinuxClient'
[2020.03.04-21.18.52:053][  0]LogTargetPlatformManager: Display: Loaded TargetPlatform 'LinuxServer'
[2020.03.04-21.18.52:059][  0]LogTargetPlatformManager: Display: Loaded TargetPlatform 'LinuxAArch64NoEditor'
[2020.03.04-21.18.52:065][  0]LogTargetPlatformManager: Display: Loaded TargetPlatform 'LinuxAArch64Client'
[2020.03.04-21.18.52:072][  0]LogTargetPlatformManager: Display: Loaded TargetPlatform 'LinuxAArch64Server'
[2020.03.04-21.18.52:092][  0]LogTargetPlatformManager: Display: Loaded TargetPlatform 'Lumin'
[2020.03.04-21.18.52:092][  0]LogTargetPlatformManager: Display: Loaded TargetPlatform 'LuminClient'
[2020.03.04-21.18.52:104][  0]LogTargetPlatformManager: Display: Loaded TargetPlatform 'TVOSClient'
[2020.03.04-21.18.52:104][  0]LogTargetPlatformManager: Display: Loaded TargetPlatform 'TVOS'
[2020.03.04-21.18.52:110][  0]LogTargetPlatformManager: Display: Loaded TargetPlatform 'WindowsNoEditor'
[2020.03.04-21.18.52:116][  0]LogTargetPlatformManager: Display: Loaded TargetPlatform 'Windows'
[2020.03.04-21.18.52:123][  0]LogTargetPlatformManager: Display: Loaded TargetPlatform 'WindowsClient'
[2020.03.04-21.18.52:129][  0]LogTargetPlatformManager: Display: Loaded TargetPlatform 'WindowsServer'
[2020.03.04-21.18.52:129][  0]LogTargetPlatformManager: Display: Building Assets For Windows
[2020.03.04-21.18.52:132][  0]LogAudioDebug: Display: Lib vorbis DLL was dynamically loaded.
[2020.03.04-21.18.52:151][  0]LogShaderCompilers: Guid format shader working directory is 2 characters bigger than the processId version (D:/LevelDesign/LevelDesign101/LevelDesign101/Intermediate/Shaders/WorkingDirectory/6472/).
[2020.03.04-21.18.52:151][  0]LogShaderCompilers: Cleaned the shader compiler working directory 'C:/Users/thank/AppData/Local/Temp/UnrealShaderWorkingDir/FBB73D24434DA3E865E474ACC5ECE03A/'.
[2020.03.04-21.18.52:152][  0]LogXGEController: Cannot use XGE Controller as Incredibuild is not installed on this machine.
[2020.03.04-21.18.52:152][  0]LogShaderCompilers: Cannot use XGE Shader Compiler as Incredibuild is not installed on this machine.
[2020.03.04-21.18.52:152][  0]LogShaderCompilers: Display: Using Local Shader Compiler.
[2020.03.04-21.18.52:778][  0]LogDerivedDataCache: Display: Max Cache Size: 512 MB
[2020.03.04-21.18.52:824][  0]LogDerivedDataCache: Loaded boot cache 0.05s 78MB C:/Users/thank/AppData/Local/UnrealEngine/4.24/DerivedDataCache/Boot.ddc.
[2020.03.04-21.18.52:824][  0]LogDerivedDataCache: Display: Loaded Boot cache: C:/Users/thank/AppData/Local/UnrealEngine/4.24/DerivedDataCache/Boot.ddc
[2020.03.04-21.18.52:824][  0]LogDerivedDataCache: FDerivedDataBackendGraph:  Pak pak cache file D:/LevelDesign/LevelDesign101/LevelDesign101/DerivedDataCache/DDC.ddp not found, will not use a pak cache.
[2020.03.04-21.18.52:824][  0]LogDerivedDataCache: Unable to find inner node Pak for hierarchical cache Hierarchy.
[2020.03.04-21.18.52:824][  0]LogDerivedDataCache: FDerivedDataBackendGraph:  CompressedPak pak cache file D:/LevelDesign/LevelDesign101/LevelDesign101/DerivedDataCache/Compressed.ddp not found, will not use a pak cache.
[2020.03.04-21.18.52:824][  0]LogDerivedDataCache: Unable to find inner node CompressedPak for hierarchical cache Hierarchy.
[2020.03.04-21.18.52:833][  0]LogDerivedDataCache: Display: Pak cache opened for reading ../../../Engine/DerivedDataCache/Compressed.ddp.
[2020.03.04-21.18.52:833][  0]LogDerivedDataCache: FDerivedDataBackendGraph:  EnterprisePak pak cache file ../../../Enterprise/DerivedDataCache/Compressed.ddp not found, will not use a pak cache.
[2020.03.04-21.18.52:833][  0]LogDerivedDataCache: Unable to find inner node EnterprisePak for hierarchical cache Hierarchy.
[2020.03.04-21.18.52:835][  0]LogDerivedDataCache: Using Local data cache path C:/Users/thank/AppData/Local/UnrealEngine/Common/DerivedDataCache: Writable
[2020.03.04-21.18.52:835][  0]LogDerivedDataCache: Shared data cache path not found in *engine.ini, will not use an Shared cache.
[2020.03.04-21.18.52:835][  0]LogDerivedDataCache: Unable to find inner node Shared for hierarchical cache Hierarchy.
[2020.03.04-21.18.52:857][  0]LogMaterial: Verifying Global Shaders for PCD3D_SM5
[2020.03.04-21.18.52:859][  0]LogSlate: Using FreeType 2.10.0
[2020.03.04-21.18.52:860][  0]LogSlate: SlateFontServices - WITH_FREETYPE: 1, WITH_HARFBUZZ: 1
[2020.03.04-21.18.52:912][  0]LogAssetRegistry: FAssetRegistry took 0.0023 seconds to start up
[2020.03.04-21.18.53:162][  0]LogInit: Selected Device Profile: [Windows]
[2020.03.04-21.18.53:298][  0]LogMeshReduction: Using QuadricMeshReduction for automatic static mesh reduction
[2020.03.04-21.18.53:298][  0]LogMeshReduction: Using SimplygonMeshReduction for automatic skeletal mesh reduction
[2020.03.04-21.18.53:298][  0]LogMeshReduction: Using ProxyLODMeshReduction for automatic mesh merging
[2020.03.04-21.18.53:298][  0]LogMeshReduction: No distributed automatic mesh merging module available
[2020.03.04-21.18.53:298][  0]LogMeshMerging: No distributed automatic mesh merging module available
[2020.03.04-21.18.53:309][  0]LogNetVersion: LevelDesign101 1.0.0, NetCL: 10570792, EngineNetVer: 13, GameNetVer: 0 (Checksum: 84813335)
[2020.03.04-21.18.54:291][  0]LogPackageLocalizationCache: Processed 10 localized package path(s) for 1 prioritized culture(s) in 0.037892 seconds
[2020.03.04-21.18.54:298][  0]LogUObjectArray: 46750 objects as part of root set at end of initial load.
[2020.03.04-21.18.54:298][  0]LogUObjectAllocator: 8137160 out of 0 bytes used by permanent object pool.
[2020.03.04-21.18.54:298][  0]LogUObjectArray: CloseDisregardForGC: 0/0 objects in disregard for GC pool
[2020.03.04-21.18.54:632][  0]LogTcpMessaging: Initializing TcpMessaging bridge
[2020.03.04-21.18.54:635][  0]LogUdpMessaging: Initializing bridge on interface 0.0.0.0:0 to multicast group 230.0.0.1:6666.
[2020.03.04-21.18.54:677][  0]SourceControl: Source control is disabled
[2020.03.04-21.18.54:677][  0]SourceControl: Source control is disabled
[2020.03.04-21.18.54:678][  0]SourceControl: Source control is disabled
[2020.03.04-21.18.54:678][  0]SourceControl: Source control is disabled
[2020.03.04-21.18.54:679][  0]SourceControl: Source control is disabled
[2020.03.04-21.18.54:746][  0]LogAndroidPermission: UAndroidPermissionCallbackProxy::GetInstance
[2020.03.04-21.18.54:755][  0]LogAudioCaptureCore: Display: No Audio Capture implementations found. Audio input will be silent.
[2020.03.04-21.18.54:755][  0]LogAudioCaptureCore: Display: No Audio Capture implementations found. Audio input will be silent.
[2020.03.04-21.18.54:826][  0]LogOcInput: OculusInput pre-init called
[2020.03.04-21.18.54:832][  0]LogWindows: Failed to load 'OVRPlugin.dll' (GetLastError=126)
[2020.03.04-21.18.54:832][  0]LogWindows: File 'OVRPlugin.dll' does not exist
[2020.03.04-21.18.54:889][  0]LogEngine: Initializing Engine...
[2020.03.04-21.18.54:890][  0]LogHMD: Failed to initialize OpenVR with code 110
[2020.03.04-21.18.54:891][  0]LogStats: UGameplayTagsManager::InitializeManager -  0.000 s
[2020.03.04-21.18.55:178][  0]LogInit: Initializing FReadOnlyCVARCache
[2020.03.04-21.18.55:183][  0]LogAIModule: Creating AISystem for world Untitled
[2020.03.04-21.18.55:256][  0]LogAudioMixer: Display: Audio Mixer Platform Settings:
[2020.03.04-21.18.55:256][  0]LogAudioMixer: Display: 	Sample Rate:						  48000
[2020.03.04-21.18.55:256][  0]LogAudioMixer: Display: 	Callback Buffer Frame Size Requested: 1024
[2020.03.04-21.18.55:256][  0]LogAudioMixer: Display: 	Callback Buffer Frame Size To Use:	  1024
[2020.03.04-21.18.55:256][  0]LogAudioMixer: Display: 	Number of buffers to queue:			  2
[2020.03.04-21.18.55:256][  0]LogAudioMixer: Display: 	Max Channels (voices):				  32
[2020.03.04-21.18.55:256][  0]LogAudioMixer: Display: 	Number of Async Source Workers:		  0
[2020.03.04-21.18.55:256][  0]LogAudio: Display: AudioDevice MaxSources: 32
[2020.03.04-21.18.55:256][  0]LogAudio: Display: Using built-in audio occlusion.
[2020.03.04-21.18.55:256][  0]LogAudioMixer: Display: Initializing audio mixer.
[2020.03.04-21.18.55:284][  0]LogAudioMixer: Display: Audio Device Output Speaker Info:
[2020.03.04-21.18.55:284][  0]LogAudioMixer: Display: Name: Speakers/Headphones (Realtek(R) Audio)
[2020.03.04-21.18.55:284][  0]LogAudioMixer: Display: Is Default: Yes
[2020.03.04-21.18.55:284][  0]LogAudioMixer: Display: Sample Rate: 48000
[2020.03.04-21.18.55:284][  0]LogAudioMixer: Display: Channel Count Used: 2
[2020.03.04-21.18.55:284][  0]LogAudioMixer: Display: Device Channel Count: 2
[2020.03.04-21.18.55:284][  0]LogAudioMixer: Display: Channel Order:
[2020.03.04-21.18.55:284][  0]LogAudioMixer: Display: 0: FrontLeft
[2020.03.04-21.18.55:284][  0]LogAudioMixer: Display: 1: FrontRight
[2020.03.04-21.18.55:547][  0]LogAudioMixer: Display: Using Audio Device Speakers/Headphones (Realtek(R) Audio)
[2020.03.04-21.18.55:552][  0]LogInit: FAudioDevice initialized.
[2020.03.04-21.18.55:552][  0]LogNetVersion: Set ProjectVersion to 1.0.0.0. Version Checksum will be recalculated on next use.
[2020.03.04-21.18.55:606][  0]LogDerivedDataCache: Saved boot cache 0.05s 78MB C:/Users/thank/AppData/Local/UnrealEngine/4.24/DerivedDataCache/Boot.ddc.
[2020.03.04-21.18.55:610][  0]LogInit: Texture streaming: Enabled
[2020.03.04-21.18.55:619][  0]LogEngineSessionManager: EngineSessionManager initialized
[2020.03.04-21.18.55:619][  0]LogEditorSessionSummary: Verbose: Initializing EditorSessionSummaryWriter for editor session tracking
[2020.03.04-21.18.55:623][  0]LogEditorSessionSummary: EditorSessionSummaryWriter initialized
[2020.03.04-21.18.55:667][  0]LogInit: Transaction tracking system initialized
[2020.03.04-21.18.55:675][  0]BlueprintLog: New page: Editor Load
[2020.03.04-21.18.55:698][  0]LocalizationService: Localization service is disabled
[2020.03.04-21.18.55:946][  0]LogFileCache: Scanning file cache for directory 'D:/LevelDesign/LevelDesign101/LevelDesign101/Content/' took 0.00s
[2020.03.04-21.18.55:947][  0]LogCook: Display: Max memory allowance for cook 16384mb min free memory 0mb
[2020.03.04-21.18.55:947][  0]LogCook: Display: Mobile HDR setting 1
[2020.03.04-21.18.56:596][  0]SourceControl: Source control is disabled
[2020.03.04-21.18.56:596][  0]Cmd: MAP LOAD FILE="D:/LevelDesign/LevelDesign101/LevelDesign101/Content/StarterContent/Maps/Minimal_Default.umap" TEMPLATE=0 SHOWPROGRESS=1 FEATURELEVEL=3
[2020.03.04-21.18.56:597][  0]LightingResults: New page: Lighting Build
[2020.03.04-21.18.56:597][  0]LogWorld: UWorld::CleanupWorld for Untitled, bSessionEnded=true, bCleanupResources=true
[2020.03.04-21.18.56:597][  0]LogSlate: InvalidateAllWidgets triggered.  All widgets were invalidated
[2020.03.04-21.18.56:597][  0]MapCheck: New page: Map Check
[2020.03.04-21.18.56:597][  0]LightingResults: New page: Lighting Build
[2020.03.04-21.18.56:627][  0]LogUObjectHash: Compacting FUObjectHashTables data took   1.77ms
[2020.03.04-21.18.56:795][  0]LogAIModule: Creating AISystem for world Minimal_Default
[2020.03.04-21.18.56:800][  0]LogEditorServer: Finished looking for orphan Actors (0.000 secs)
[2020.03.04-21.18.56:827][  0]LogUObjectHash: Compacting FUObjectHashTables data took   1.82ms
[2020.03.04-21.18.56:827][  0]Cmd: MAP CHECKDEP NOCLEARLOG
[2020.03.04-21.18.56:827][  0]MapCheck: Map check complete: 0 Error(s), 0 Warning(s), took 0.075ms to complete.
[2020.03.04-21.18.56:827][  0]LogFileHelpers: Loading map 'Minimal_Default' took 0.231
[2020.03.04-21.18.56:978][  0]LogSlate: Updating window title bar state: overlay mode, drag disabled, window buttons hidden, title bar hidden
[2020.03.04-21.18.56:984][  0]LogSlate: Updating window title bar state: overlay mode, drag disabled, window buttons hidden, title bar hidden
[2020.03.04-21.18.56:990][  0]LogSlate: Updating window title bar state: overlay mode, drag disabled, window buttons hidden, title bar hidden
[2020.03.04-21.18.56:995][  0]LogSlate: Updating window title bar state: overlay mode, drag disabled, window buttons hidden, title bar hidden
[2020.03.04-21.18.57:000][  0]LogCollectionManager: Loaded 0 collections in 0.000818 seconds
[2020.03.04-21.18.57:010][  0]LogFileCache: Scanning file cache for directory 'D:/LevelDesign/LevelDesign101/LevelDesign101/Saved/Collections/' took 0.00s
[2020.03.04-21.18.57:010][  0]LogFileCache: Scanning file cache for directory 'D:/LevelDesign/LevelDesign101/LevelDesign101/Content/Developers/thank/Collections/' took 0.00s
[2020.03.04-21.18.57:011][  0]LogFileCache: Scanning file cache for directory 'D:/LevelDesign/LevelDesign101/LevelDesign101/Content/Collections/' took 0.00s
[2020.03.04-21.18.57:011][  0]LogContentBrowser: Native class hierarchy populated in 0.0073 seconds. Added 3015 classes and 717 folders.
[2020.03.04-21.18.57:013][  0]LogContentBrowser: Native class hierarchy updated for 'WidgetCarousel' in 0.0002 seconds. Added 0 classes and 0 folders.
[2020.03.04-21.18.57:070][  0]LogContentBrowser: Native class hierarchy updated for 'AddContentDialog' in 0.0002 seconds. Added 0 classes and 0 folders.
[2020.03.04-21.18.57:121][  0]LogContentBrowser: Native class hierarchy updated for 'SceneOutliner' in 0.0002 seconds. Added 2 classes and 3 folders.
[2020.03.04-21.18.57:147][  0]LogSlate: Took 0.000272 seconds to synchronously load lazily loaded font '../../../Engine/Content/Slate/Fonts/Roboto-Regular.ttf' (155K)
[2020.03.04-21.18.57:149][  0]LogSlate: Took 0.000136 seconds to synchronously load lazily loaded font '../../../Engine/Content/Slate/Fonts/Roboto-Bold.ttf' (160K)
[2020.03.04-21.18.57:153][  0]LogSlate: Took 0.000143 seconds to synchronously load lazily loaded font '../../../Engine/Content/Editor/Slate/Fonts/FontAwesome.ttf' (139K)
[2020.03.04-21.18.57:199][  0]LogRenderer: Reallocating scene render targets to support 488x228 Format 10 NumSamples 1 (Frame:1).
[2020.03.04-21.18.57:215][  0]LogSlate: Took 0.000217 seconds to synchronously load lazily loaded font '../../../Engine/Content/Slate/Fonts/Roboto-Light.ttf' (167K)
[2020.03.04-21.18.57:241][  0]LogRenderer: Reallocating scene render targets to support 488x340 Format 10 NumSamples 1 (Frame:2).
[2020.03.04-21.18.57:347][  0]LogContentBrowser: Native class hierarchy updated for 'HierarchicalLODOutliner' in 0.0003 seconds. Added 0 classes and 0 folders.
[2020.03.04-21.18.57:347][  0]LogLoad: (Engine Initialization) Total time: 7.71 seconds
[2020.03.04-21.18.57:347][  0]LogLoad: (Engine Initialization) Total Blueprint compile time: 0.00 seconds
[2020.03.04-21.18.57:390][  0]LogAssetRegistry: Asset discovery search completed in 4.4788 seconds
[2020.03.04-21.18.57:393][  0]LogCollectionManager: Fixed up redirectors for 0 collections in 0.000007 seconds (updated 0 objects)
[2020.03.04-21.18.57:399][  0]LogContentStreaming: Texture pool size now 1000 MB
[2020.03.04-21.18.57:417][  0]LogSlate: Took 0.000123 seconds to synchronously load lazily loaded font '../../../Engine/Content/Slate/Fonts/Roboto-Light.ttf' (167K)
[2020.03.04-21.19.01:191][424]LogAIModule: Creating AISystem for world Main
[2020.03.04-21.19.01:194][424]LogAssetEditorSubsystem: Opening Asset editor for World /Game/Levels/Main.Main
[2020.03.04-21.19.01:231][424]LogUObjectHash: Compacting FUObjectHashTables data took   2.19ms
[2020.03.04-21.19.01:232][424]Cmd: MAP LOAD FILE="D:/LevelDesign/LevelDesign101/LevelDesign101/Content/Levels/Main.umap" TEMPLATE=0 SHOWPROGRESS=1 FEATURELEVEL=3
[2020.03.04-21.19.01:232][424]LightingResults: New page: Lighting Build
[2020.03.04-21.19.01:233][424]LoadErrors: New page: Loading map: Main.umap
[2020.03.04-21.19.01:233][424]LogWorld: UWorld::CleanupWorld for Minimal_Default, bSessionEnded=true, bCleanupResources=true
[2020.03.04-21.19.01:233][424]LogSlate: InvalidateAllWidgets triggered.  All widgets were invalidated
[2020.03.04-21.19.01:234][424]MapCheck: New page: Map Check
[2020.03.04-21.19.01:234][424]LightingResults: New page: Lighting Build
[2020.03.04-21.19.01:264][424]LogUObjectHash: Compacting FUObjectHashTables data took   1.55ms
[2020.03.04-21.19.01:344][424]LogEditorServer: Finished looking for orphan Actors (0.000 secs)
[2020.03.04-21.19.01:376][424]LogUObjectHash: Compacting FUObjectHashTables data took   1.51ms
[2020.03.04-21.19.01:396][424]Cmd: MAP CHECKDEP NOCLEARLOG
[2020.03.04-21.19.01:396][424]MapCheck: Map check complete: 0 Error(s), 0 Warning(s), took 0.069ms to complete.
[2020.03.04-21.19.01:396][424]LogFileHelpers: Loading map 'Main' took 0.165
[2020.03.04-21.19.06:370][  8]LogTemp: Repeating last play command: New Editor Window (PIE)
[2020.03.04-21.19.06:383][  8]LogPlayLevel: PlayLevel: No blueprints needed recompiling
[2020.03.04-21.19.06:383][  8]PIE: New page: PIE session: Main (Mar 4, 2020, 11:19:06 AM)
[2020.03.04-21.19.06:384][  8]LogOnline: OSS: Creating online subsystem instance for: NULL
[2020.03.04-21.19.06:384][  8]LogOnline: OSS: TryLoadSubsystemAndSetDefault: Loaded subsystem for module [NULL]
[2020.03.04-21.19.06:384][  8]LogPlayLevel: Creating play world package: /Game/Levels/UEDPIE_0_Main
[2020.03.04-21.19.06:428][  8]LogPlayLevel: PIE: StaticDuplicateObject took: (0.043897s)
[2020.03.04-21.19.06:429][  8]LogAIModule: Creating AISystem for world Main
[2020.03.04-21.19.06:429][  8]LogPlayLevel: PIE: World Init took: (0.000985s)
[2020.03.04-21.19.06:429][  8]LogPlayLevel: PIE: Created PIE world by copying editor world from /Game/Levels/Main.Main to /Game/Levels/UEDPIE_0_Main.Main (0.045060s)
[2020.03.04-21.19.06:459][  8]LogUObjectHash: Compacting FUObjectHashTables data took   1.36ms
[2020.03.04-21.19.06:460][  8]LogAudioMixer: Display: Audio Mixer Platform Settings:
[2020.03.04-21.19.06:460][  8]LogAudioMixer: Display: 	Sample Rate:						  48000
[2020.03.04-21.19.06:460][  8]LogAudioMixer: Display: 	Callback Buffer Frame Size Requested: 1024
[2020.03.04-21.19.06:460][  8]LogAudioMixer: Display: 	Callback Buffer Frame Size To Use:	  1024
[2020.03.04-21.19.06:460][  8]LogAudioMixer: Display: 	Number of buffers to queue:			  2
[2020.03.04-21.19.06:460][  8]LogAudioMixer: Display: 	Max Channels (voices):				  32
[2020.03.04-21.19.06:460][  8]LogAudioMixer: Display: 	Number of Async Source Workers:		  0
[2020.03.04-21.19.06:460][  8]LogAudio: Display: AudioDevice MaxSources: 32
[2020.03.04-21.19.06:460][  8]LogAudio: Display: Using built-in audio occlusion.
[2020.03.04-21.19.06:460][  8]LogAudioMixer: Display: Initializing audio mixer.
[2020.03.04-21.19.06:473][  8]LogAudioMixer: Display: Audio Device Output Speaker Info:
[2020.03.04-21.19.06:473][  8]LogAudioMixer: Display: Name: Speakers/Headphones (Realtek(R) Audio)
[2020.03.04-21.19.06:473][  8]LogAudioMixer: Display: Is Default: Yes
[2020.03.04-21.19.06:473][  8]LogAudioMixer: Display: Sample Rate: 48000
[2020.03.04-21.19.06:473][  8]LogAudioMixer: Display: Channel Count Used: 2
[2020.03.04-21.19.06:473][  8]LogAudioMixer: Display: Device Channel Count: 2
[2020.03.04-21.19.06:473][  8]LogAudioMixer: Display: Channel Order:
[2020.03.04-21.19.06:473][  8]LogAudioMixer: Display: 0: FrontLeft
[2020.03.04-21.19.06:473][  8]LogAudioMixer: Display: 1: FrontRight
[2020.03.04-21.19.06:542][  8]LogAudioMixer: Display: Using Audio Device Speakers/Headphones (Realtek(R) Audio)
[2020.03.04-21.19.06:544][  8]LogInit: FAudioDevice initialized.
[2020.03.04-21.19.06:575][  8]LogSlate: Updating window title bar state: overlay mode, drag disabled, window buttons hidden, title bar hidden
[2020.03.04-21.19.06:576][  8]LogLoad: Game class is 'MainMode_C'
[2020.03.04-21.19.06:579][  8]LogWorld: Bringing World /Game/Levels/UEDPIE_0_Main.Main up for play (max tick rate 0) at 2020.03.04-16.19.06
[2020.03.04-21.19.06:580][  8]LogWorld: Bringing up level for play took: 0.002471
[2020.03.04-21.19.06:580][  8]LogOnline: OSS: Creating online subsystem instance for: :Context_1
[2020.03.04-21.19.06:583][  8]LogContentBrowser: Native class hierarchy updated for 'MovieSceneCapture' in 0.0003 seconds. Added 20 classes and 0 folders.
[2020.03.04-21.19.06:585][  8]PIE: Play in editor start time for /Game/Levels/UEDPIE_0_Main -0.538
[2020.03.04-21.19.06:629][  9]LogRenderer: Reallocating scene render targets to support 856x480 Format 10 NumSamples 1 (Frame:1).
[2020.03.04-21.19.09:577][360]LogAudioMixer: Display: No commands were queued while flushing the source manager.
[2020.03.04-21.19.09:577][360]LogAudioMixer: Display: No commands were queued while flushing the source manager.
[2020.03.04-21.19.09:577][360]LogSlate: Updating window title bar state: overlay mode, drag disabled, window buttons hidden, title bar hidden
[2020.03.04-21.19.09:577][360]LogWorld: BeginTearingDown for /Game/Levels/UEDPIE_0_Main
[2020.03.04-21.19.09:588][360]LogSlate: Window 'LevelDesign101 Game Preview Standalone (64-bit/PCD3D_SM5)' being destroyed
[2020.03.04-21.19.09:596][360]LogAudioMixer: Display: No commands were queued while flushing the source manager.
[2020.03.04-21.19.09:597][360]LogWorld: UWorld::CleanupWorld for Main, bSessionEnded=true, bCleanupResources=true
[2020.03.04-21.19.09:597][360]LogSlate: InvalidateAllWidgets triggered.  All widgets were invalidated
[2020.03.04-21.19.09:604][360]LogPlayLevel: Display: Shutting down PIE online subsystems
[2020.03.04-21.19.09:606][360]LogSlate: InvalidateAllWidgets triggered.  All widgets were invalidated
[2020.03.04-21.19.09:631][360]LogAudioMixer: Display: No commands were queued while flushing the source manager.
[2020.03.04-21.19.09:638][360]LogUObjectHash: Compacting FUObjectHashTables data took   1.38ms
[2020.03.04-21.19.09:678][364]LogPlayLevel: Display: Destroying online subsystem :Context_1
[2020.03.04-21.19.11:916][632]LogTemp: Repeating last play command: New Editor Window (PIE)
[2020.03.04-21.19.11:927][632]LogPlayLevel: PlayLevel: No blueprints needed recompiling
[2020.03.04-21.19.11:927][632]PIE: New page: PIE session: Main (Mar 4, 2020, 11:19:11 AM)
[2020.03.04-21.19.11:927][632]LogPlayLevel: Creating play world package: /Game/Levels/UEDPIE_0_Main
[2020.03.04-21.19.11:970][632]LogPlayLevel: PIE: StaticDuplicateObject took: (0.043375s)
[2020.03.04-21.19.11:971][632]LogAIModule: Creating AISystem for world Main
[2020.03.04-21.19.11:971][632]LogPlayLevel: PIE: World Init took: (0.000790s)
[2020.03.04-21.19.11:971][632]LogPlayLevel: PIE: Created PIE world by copying editor world from /Game/Levels/Main.Main to /Game/Levels/UEDPIE_0_Main.Main (0.044282s)
[2020.03.04-21.19.11:999][632]LogUObjectHash: Compacting FUObjectHashTables data took   1.31ms
[2020.03.04-21.19.11:999][632]LogAudioMixer: Display: Audio Mixer Platform Settings:
[2020.03.04-21.19.11:999][632]LogAudioMixer: Display: 	Sample Rate:						  48000
[2020.03.04-21.19.11:999][632]LogAudioMixer: Display: 	Callback Buffer Frame Size Requested: 1024
[2020.03.04-21.19.11:999][632]LogAudioMixer: Display: 	Callback Buffer Frame Size To Use:	  1024
[2020.03.04-21.19.11:999][632]LogAudioMixer: Display: 	Number of buffers to queue:			  2
[2020.03.04-21.19.11:999][632]LogAudioMixer: Display: 	Max Channels (voices):				  32
[2020.03.04-21.19.11:999][632]LogAudioMixer: Display: 	Number of Async Source Workers:		  0
[2020.03.04-21.19.11:999][632]LogAudio: Display: AudioDevice MaxSources: 32
[2020.03.04-21.19.12:000][632]LogAudio: Display: Using built-in audio occlusion.
[2020.03.04-21.19.12:000][632]LogAudioMixer: Display: Initializing audio mixer.
[2020.03.04-21.19.12:013][632]LogAudioMixer: Display: Audio Device Output Speaker Info:
[2020.03.04-21.19.12:013][632]LogAudioMixer: Display: Name: Speakers/Headphones (Realtek(R) Audio)
[2020.03.04-21.19.12:013][632]LogAudioMixer: Display: Is Default: Yes
[2020.03.04-21.19.12:013][632]LogAudioMixer: Display: Sample Rate: 48000
[2020.03.04-21.19.12:013][632]LogAudioMixer: Display: Channel Count Used: 2
[2020.03.04-21.19.12:013][632]LogAudioMixer: Display: Device Channel Count: 2
[2020.03.04-21.19.12:013][632]LogAudioMixer: Display: Channel Order:
[2020.03.04-21.19.12:013][632]LogAudioMixer: Display: 0: FrontLeft
[2020.03.04-21.19.12:013][632]LogAudioMixer: Display: 1: FrontRight
[2020.03.04-21.19.12:085][632]LogAudioMixer: Display: Using Audio Device Speakers/Headphones (Realtek(R) Audio)
[2020.03.04-21.19.12:086][632]LogInit: FAudioDevice initialized.
[2020.03.04-21.19.12:113][632]LogSlate: Updating window title bar state: overlay mode, drag disabled, window buttons hidden, title bar hidden
[2020.03.04-21.19.12:113][632]LogLoad: Game class is 'MainMode_C'
[2020.03.04-21.19.12:117][632]LogWorld: Bringing World /Game/Levels/UEDPIE_0_Main.Main up for play (max tick rate 0) at 2020.03.04-16.19.12
[2020.03.04-21.19.12:117][632]LogWorld: Bringing up level for play took: 0.002525
[2020.03.04-21.19.12:117][632]LogOnline: OSS: Creating online subsystem instance for: :Context_2
[2020.03.04-21.19.12:120][632]PIE: Play in editor start time for /Game/Levels/UEDPIE_0_Main 0.996
[2020.03.04-21.19.14:587][923]LogAudioMixer: Display: No commands were queued while flushing the source manager.
[2020.03.04-21.19.14:596][923]LogAudioMixer: Display: Flush succeeded in the source manager command queue (1).
[2020.03.04-21.19.14:616][923]LogAudioMixer: Display: Flush succeeded the source manager command queue (2).
[2020.03.04-21.19.14:616][923]LogSlate: Updating window title bar state: overlay mode, drag disabled, window buttons hidden, title bar hidden
[2020.03.04-21.19.14:616][923]LogWorld: BeginTearingDown for /Game/Levels/UEDPIE_0_Main
[2020.03.04-21.19.14:627][923]LogSlate: Window 'LevelDesign101 Game Preview Standalone (64-bit/PCD3D_SM5)' being destroyed
[2020.03.04-21.19.14:636][923]LogAudioMixer: Display: No commands were queued while flushing the source manager.
[2020.03.04-21.19.14:636][923]LogWorld: UWorld::CleanupWorld for Main, bSessionEnded=true, bCleanupResources=true
[2020.03.04-21.19.14:637][923]LogSlate: InvalidateAllWidgets triggered.  All widgets were invalidated
[2020.03.04-21.19.14:640][923]LogPlayLevel: Display: Shutting down PIE online subsystems
[2020.03.04-21.19.14:643][923]LogSlate: InvalidateAllWidgets triggered.  All widgets were invalidated
[2020.03.04-21.19.14:669][923]LogAudioMixer: Display: No commands were queued while flushing the source manager.
[2020.03.04-21.19.14:675][923]LogUObjectHash: Compacting FUObjectHashTables data took   1.24ms
[2020.03.04-21.19.14:700][925]LogPlayLevel: Display: Destroying online subsystem :Context_2
[2020.03.04-21.19.15:293][993]LogRenderer: Reallocating scene render targets to support 856x484 Format 10 NumSamples 1 (Frame:1179).
[2020.03.04-21.19.15:317][994]LogRenderer: Reallocating scene render targets to support 876x520 Format 10 NumSamples 1 (Frame:1181).
[2020.03.04-21.19.15:337][995]LogRenderer: Reallocating scene render targets to support 940x548 Format 10 NumSamples 1 (Frame:1183).
[2020.03.04-21.19.15:360][996]LogRenderer: Reallocating scene render targets to support 968x564 Format 10 NumSamples 1 (Frame:1185).
[2020.03.04-21.19.15:389][997]LogRenderer: Reallocating scene render targets to support 980x568 Format 10 NumSamples 1 (Frame:1187).
[2020.03.04-21.19.16:989][176]LogEditorViewport: Clicking on Actor (LMB): BP_Sky_Sphere_C (Sky Sphere)
[2020.03.04-21.19.22:959][867]MapCheck: New page: Map Check
[2020.03.04-21.19.22:973][867]Cmd: MAP REBUILD ALLVISIBLE
[2020.03.04-21.19.22:973][867]LogEditorServer: Rebuildmap Clear paths rebuilt
[2020.03.04-21.19.23:411][867]LogWorld: UWorld::CleanupWorld for Main, bSessionEnded=true, bCleanupResources=false
[2020.03.04-21.19.23:557][867]LogUObjectHash: Compacting FUObjectHashTables data took   1.42ms
[2020.03.04-21.19.23:569][867]LogMaterial: Display: Missing cached shader map for material DebugViewMode MaterialTexCoordScale, compiling. Is special engine material.
[2020.03.04-21.19.23:603][867]LogMaterial: Display: Missing cached shader map for material DebugViewMode MaterialTexCoordScale, compiling. 
[2020.03.04-21.19.23:614][867]LogShaderCompilers: Display: Worker (1/9): shaders left to compile 38
[2020.03.04-21.19.23:614][867]LogShaderCompilers: Display: Worker (2/9): shaders left to compile 37
[2020.03.04-21.19.23:614][867]LogShaderCompilers: Display: Worker (3/9): shaders left to compile 36
[2020.03.04-21.19.23:614][867]LogShaderCompilers: Display: Worker (4/9): shaders left to compile 35
[2020.03.04-21.19.23:614][867]LogShaderCompilers: Display: Worker (5/9): shaders left to compile 34
[2020.03.04-21.19.23:614][867]LogShaderCompilers: Display: Worker (6/9): shaders left to compile 33
[2020.03.04-21.19.23:614][867]LogShaderCompilers: Display: Worker (7/9): shaders left to compile 32
[2020.03.04-21.19.23:614][867]LogShaderCompilers: Display: Worker (8/9): shaders left to compile 31
[2020.03.04-21.19.23:614][867]LogMaterial: Display: Missing cached shader map for material DebugViewMode MaterialTexCoordScale, compiling. 
[2020.03.04-21.19.23:626][867]LogMaterial: Display: Missing cached shader map for material DebugViewMode MaterialTexCoordScale, compiling. 
[2020.03.04-21.19.25:532][867]LogShaderCompilers: Display: Worker (2/9): shaders left to compile 36
[2020.03.04-21.19.25:532][867]LogShaderCompilers: Display: Worker (8/9): shaders left to compile 35
[2020.03.04-21.19.25:532][867]LogShaderCompilers: Display: Worker (4/9): shaders left to compile 34
[2020.03.04-21.19.25:532][867]LogShaderCompilers: Display: Worker (1/9): shaders left to compile 33
[2020.03.04-21.19.25:532][867]LogShaderCompilers: Display: Worker (3/9): shaders left to compile 32
[2020.03.04-21.19.25:532][867]LogShaderCompilers: Display: Worker (6/9): shaders left to compile 31
[2020.03.04-21.19.25:532][867]LogShaderCompilers: Display: Worker (5/9): shaders left to compile 30
[2020.03.04-21.19.25:532][867]LogShaderCompilers: Display: Worker (7/9): shaders left to compile 29
[2020.03.04-21.19.25:532][867]LogShaderCompilers: Display: Worker (8/9): shaders left to compile 28
[2020.03.04-21.19.25:532][867]LogShaderCompilers: Display: Worker (2/9): shaders left to compile 27
[2020.03.04-21.19.25:532][867]LogShaderCompilers: Display: Worker (6/9): shaders left to compile 26
[2020.03.04-21.19.25:532][867]LogShaderCompilers: Display: Worker (4/9): shaders left to compile 25
[2020.03.04-21.19.25:532][867]LogShaderCompilers: Display: Worker (1/9): shaders left to compile 24
[2020.03.04-21.19.25:532][867]LogShaderCompilers: Display: Worker (3/9): shaders left to compile 23
[2020.03.04-21.19.25:532][867]LogShaderCompilers: Display: Worker (5/9): shaders left to compile 22
[2020.03.04-21.19.25:532][867]LogShaderCompilers: Display: Worker (7/9): shaders left to compile 21
[2020.03.04-21.19.25:532][867]LogShaderCompilers: Display: Worker (8/9): shaders left to compile 20
[2020.03.04-21.19.25:532][867]LogShaderCompilers: Display: Worker (4/9): shaders left to compile 19
[2020.03.04-21.19.25:532][867]LogShaderCompilers: Display: Worker (2/9): shaders left to compile 18
[2020.03.04-21.19.25:532][867]LogShaderCompilers: Display: Worker (3/9): shaders left to compile 17
[2020.03.04-21.19.25:532][867]LogShaderCompilers: Display: Worker (6/9): shaders left to compile 16
[2020.03.04-21.19.25:532][867]LogShaderCompilers: Display: Worker (1/9): shaders left to compile 15
[2020.03.04-21.19.25:532][867]LogShaderCompilers: Display: Worker (7/9): shaders left to compile 14
[2020.03.04-21.19.25:532][867]LogShaderCompilers: Display: Worker (5/9): shaders left to compile 13
[2020.03.04-21.19.25:532][867]LogShaderCompilers: Display: Worker (4/9): shaders left to compile 12
[2020.03.04-21.19.25:532][867]LogShaderCompilers: Display: Worker (8/9): shaders left to compile 11
[2020.03.04-21.19.25:532][867]LogShaderCompilers: Display: Worker (3/9): shaders left to compile 10
[2020.03.04-21.19.25:532][867]LogShaderCompilers: Display: Worker (1/9): shaders left to compile 9
[2020.03.04-21.19.25:532][867]LogShaderCompilers: Display: Worker (2/9): shaders left to compile 8
[2020.03.04-21.19.25:532][867]LogShaderCompilers: Display: Worker (6/9): shaders left to compile 7
[2020.03.04-21.19.25:532][867]LogShaderCompilers: Display: Worker (7/9): shaders left to compile 6
[2020.03.04-21.19.25:532][867]LogShaderCompilers: Display: Worker (8/9): shaders left to compile 5
[2020.03.04-21.19.25:532][867]LogShaderCompilers: Display: Worker (5/9): shaders left to compile 4
[2020.03.04-21.19.25:532][867]LogShaderCompilers: Display: Worker (4/9): shaders left to compile 3
[2020.03.04-21.19.25:532][867]LogShaderCompilers: Display: Worker (3/9): shaders left to compile 2
[2020.03.04-21.19.25:532][867]LogShaderCompilers: Display: Worker (1/9): shaders left to compile 1
[2020.03.04-21.19.25:532][867]TextureStreamingBuild: Display: Compiling optional shaders took 1.974 seconds.
[2020.03.04-21.19.25:535][867]LogLevel: Display: Export Material TexCoord Scales took 0.002 seconds.
[2020.03.04-21.19.25:537][867]TextureStreamingBuild: Display: Build Texture Streaming took 0.003 seconds.
[2020.03.04-21.19.25:565][867]LogUObjectHash: Compacting FUObjectHashTables data took   0.57ms
[2020.03.04-21.19.25:569][867]LogEditorBuildUtils: Build time 0:02
[2020.03.04-21.19.36:543][ 75]MapCheck: New page: Map Check
[2020.03.04-21.19.36:560][ 75]Cmd: MAP REBUILD ALLVISIBLE
[2020.03.04-21.19.36:560][ 75]LogEditorServer: Rebuildmap Clear paths rebuilt
[2020.03.04-21.19.37:034][ 75]LogWorld: UWorld::CleanupWorld for Main, bSessionEnded=true, bCleanupResources=false
[2020.03.04-21.19.37:158][ 75]LogUObjectHash: Compacting FUObjectHashTables data took   1.40ms
[2020.03.04-21.19.37:166][ 75]LogMaterial: Display: Missing cached shader map for material DebugViewMode MaterialTexCoordScale, compiling. Is special engine material.
[2020.03.04-21.19.37:185][ 75]LogMaterial: Display: Missing cached shader map for material DebugViewMode MaterialTexCoordScale, compiling. 
[2020.03.04-21.19.37:197][ 75]LogShaderCompilers: Display: Worker (1/9): shaders left to compile 38
[2020.03.04-21.19.37:197][ 75]LogShaderCompilers: Display: Worker (2/9): shaders left to compile 37
[2020.03.04-21.19.37:197][ 75]LogShaderCompilers: Display: Worker (3/9): shaders left to compile 36
[2020.03.04-21.19.37:197][ 75]LogShaderCompilers: Display: Worker (4/9): shaders left to compile 35
[2020.03.04-21.19.37:197][ 75]LogShaderCompilers: Display: Worker (5/9): shaders left to compile 34
[2020.03.04-21.19.37:197][ 75]LogShaderCompilers: Display: Worker (6/9): shaders left to compile 33
[2020.03.04-21.19.37:197][ 75]LogShaderCompilers: Display: Worker (7/9): shaders left to compile 32
[2020.03.04-21.19.37:197][ 75]LogShaderCompilers: Display: Worker (8/9): shaders left to compile 31
[2020.03.04-21.19.37:197][ 75]LogMaterial: Display: Missing cached shader map for material DebugViewMode MaterialTexCoordScale, compiling. 
[2020.03.04-21.19.37:209][ 75]LogMaterial: Display: Missing cached shader map for material DebugViewMode MaterialTexCoordScale, compiling. 
[2020.03.04-21.19.38:802][ 75]LogShaderCompilers: Display: Worker (2/9): shaders left to compile 36
[2020.03.04-21.19.38:802][ 75]LogShaderCompilers: Display: Worker (8/9): shaders left to compile 35
[2020.03.04-21.19.38:802][ 75]LogShaderCompilers: Display: Worker (4/9): shaders left to compile 34
[2020.03.04-21.19.38:802][ 75]LogShaderCompilers: Display: Worker (1/9): shaders left to compile 33
[2020.03.04-21.19.38:802][ 75]LogShaderCompilers: Display: Worker (3/9): shaders left to compile 32
[2020.03.04-21.19.38:802][ 75]LogShaderCompilers: Display: Worker (6/9): shaders left to compile 31
[2020.03.04-21.19.38:802][ 75]LogShaderCompilers: Display: Worker (7/9): shaders left to compile 30
[2020.03.04-21.19.38:802][ 75]LogShaderCompilers: Display: Worker (5/9): shaders left to compile 29
[2020.03.04-21.19.38:802][ 75]LogShaderCompilers: Display: Worker (8/9): shaders left to compile 28
[2020.03.04-21.19.38:802][ 75]LogShaderCompilers: Display: Worker (2/9): shaders left to compile 27
[2020.03.04-21.19.38:802][ 75]LogShaderCompilers: Display: Worker (4/9): shaders left to compile 26
[2020.03.04-21.19.38:802][ 75]LogShaderCompilers: Display: Worker (6/9): shaders left to compile 25
[2020.03.04-21.19.38:802][ 75]LogShaderCompilers: Display: Worker (1/9): shaders left to compile 24
[2020.03.04-21.19.38:802][ 75]LogShaderCompilers: Display: Worker (3/9): shaders left to compile 23
[2020.03.04-21.19.38:802][ 75]LogShaderCompilers: Display: Worker (7/9): shaders left to compile 22
[2020.03.04-21.19.38:802][ 75]LogShaderCompilers: Display: Worker (5/9): shaders left to compile 21
[2020.03.04-21.19.38:802][ 75]LogShaderCompilers: Display: Worker (8/9): shaders left to compile 20
[2020.03.04-21.19.38:802][ 75]LogShaderCompilers: Display: Worker (2/9): shaders left to compile 19
[2020.03.04-21.19.38:802][ 75]LogShaderCompilers: Display: Worker (6/9): shaders left to compile 18
[2020.03.04-21.19.38:802][ 75]LogShaderCompilers: Display: Worker (3/9): shaders left to compile 17
[2020.03.04-21.19.38:802][ 75]LogShaderCompilers: Display: Worker (4/9): shaders left to compile 16
[2020.03.04-21.19.38:802][ 75]LogShaderCompilers: Display: Worker (1/9): shaders left to compile 15
[2020.03.04-21.19.38:802][ 75]LogShaderCompilers: Display: Worker (5/9): shaders left to compile 14
[2020.03.04-21.19.38:802][ 75]LogShaderCompilers: Display: Worker (7/9): shaders left to compile 13
[2020.03.04-21.19.38:802][ 75]LogShaderCompilers: Display: Worker (2/9): shaders left to compile 12
[2020.03.04-21.19.38:802][ 75]LogShaderCompilers: Display: Worker (8/9): shaders left to compile 11
[2020.03.04-21.19.38:802][ 75]LogShaderCompilers: Display: Worker (3/9): shaders left to compile 10
[2020.03.04-21.19.38:802][ 75]LogShaderCompilers: Display: Worker (1/9): shaders left to compile 9
[2020.03.04-21.19.38:802][ 75]LogShaderCompilers: Display: Worker (6/9): shaders left to compile 8
[2020.03.04-21.19.38:803][ 75]LogShaderCompilers: Display: Worker (4/9): shaders left to compile 7
[2020.03.04-21.19.38:803][ 75]LogShaderCompilers: Display: Worker (5/9): shaders left to compile 6
[2020.03.04-21.19.38:803][ 75]LogShaderCompilers: Display: Worker (7/9): shaders left to compile 5
[2020.03.04-21.19.38:803][ 75]LogShaderCompilers: Display: Worker (8/9): shaders left to compile 4
[2020.03.04-21.19.38:803][ 75]LogShaderCompilers: Display: Worker (2/9): shaders left to compile 3
[2020.03.04-21.19.38:803][ 75]LogShaderCompilers: Display: Worker (1/9): shaders left to compile 2
[2020.03.04-21.19.38:803][ 75]LogShaderCompilers: Display: Worker (5/9): shaders left to compile 1
[2020.03.04-21.19.38:803][ 75]TextureStreamingBuild: Display: Compiling optional shaders took 1.643 seconds.
[2020.03.04-21.19.38:805][ 75]LogLevel: Display: Export Material TexCoord Scales took 0.002 seconds.
[2020.03.04-21.19.38:808][ 75]TextureStreamingBuild: Display: Build Texture Streaming took 0.003 seconds.
[2020.03.04-21.19.38:834][ 75]LogUObjectHash: Compacting FUObjectHashTables data took   0.56ms
[2020.03.04-21.19.38:836][ 75]LightingResults: New page: Lighting Build - Mar 4, 2020, 11:19:38 AM
[2020.03.04-21.19.38:875][ 75]LogSwarmInterface: [OpenConnection] Registering TCP channel ...
[2020.03.04-21.19.38:971][ 75]LogSwarmInterface: [OpenConnection] Connecting to agent ...
[2020.03.04-21.19.38:984][ 75]LogSwarmInterface: [TryOpenConnection] Testing the Agent
[2020.03.04-21.19.42:997][ 75]LogSwarmInterface: Error: [TryOpenConnection] Waiting for the agent to start up ...
[2020.03.04-21.19.42:999][ 75]LogSwarmInterface: Error: System.Net.Sockets.SocketException (0x80004005): No connection could be made because the target machine actively refused it 127.0.0.1:8008

Server stack trace: 
   at System.Net.Sockets.Socket.DoConnect(EndPoint endPointSnapshot, SocketAddress socketAddress)
   at System.Net.Sockets.Socket.Connect(EndPoint remoteEP)
   at System.Runtime.Remoting.Channels.RemoteConnection.CreateNewSocket(EndPoint ipEndPoint)
   at System.Runtime.Remoting.Channels.SocketCache.GetSocket(String machinePortAndSid, Boolean openNew)
   at System.Runtime.Remoting.Channels.Tcp.TcpClientTransportSink.SendRequestWithRetry(IMessage msg, ITransportHeaders requestHeaders, Stream requestStream)
   at System.Runtime.Remoting.Channels.Tcp.TcpClientTransportSink.AsyncProcessRequest(IClientChannelSinkStack sinkStack, IMessage msg, ITransportHeaders headers, Stream stream)
   at System.Runtime.Remoting.Channels.BinaryClientFormatterSink.AsyncProcessMessage(IMessage msg, IMessageSink replySink)

Exception rethrown at [0]: 
   at System.Runtime.Remoting.Proxies.RealProxy.HandleReturnMessage(IMessage reqMsg, IMessage retMsg)
   at System.Runtime.Remoting.Proxies.RealProxy.PrivateInvoke(MessageData& msgData, Int32 type)
   at NSwarm.IAgentInterfaceWrapper.MethodDelegate.EndInvoke(Hashtable& OutParameters, IAsyncResult result)
   at NSwarm.FSwarmInterface.TryOpenConnection(FConnectionCallback CallbackFunc, IntPtr CallbackData, ELogFlags LoggingFlags) in D:\Build\++UE4\Sync\Engine\Saved\CsTools\Engine\Source\Editor\SwarmInterface\DotNET\SwarmInterface.cs:line 2811
[2020.03.04-21.19.52:007][ 75]LogSwarmInterface: Error: [TryOpenConnection] Waiting for the agent to start up ...
[2020.03.04-21.19.52:008][ 75]LogSwarmInterface: Error: System.Net.Sockets.SocketException (0x80004005): No connection could be made because the target machine actively refused it 127.0.0.1:8008

Server stack trace: 
   at System.Net.Sockets.Socket.DoConnect(EndPoint endPointSnapshot, SocketAddress socketAddress)
   at System.Net.Sockets.Socket.Connect(EndPoint remoteEP)
   at System.Runtime.Remoting.Channels.RemoteConnection.CreateNewSocket(EndPoint ipEndPoint)
   at System.Runtime.Remoting.Channels.SocketCache.GetSocket(String machinePortAndSid, Boolean openNew)
   at System.Runtime.Remoting.Channels.Tcp.TcpClientTransportSink.SendRequestWithRetry(IMessage msg, ITransportHeaders requestHeaders, Stream requestStream)
   at System.Runtime.Remoting.Channels.Tcp.TcpClientTransportSink.AsyncProcessRequest(IClientChannelSinkStack sinkStack, IMessage msg, ITransportHeaders headers, Stream stream)
   at System.Runtime.Remoting.Channels.BinaryClientFormatterSink.AsyncProcessMessage(IMessage msg, IMessageSink replySink)

Exception rethrown at [0]: 
   at System.Runtime.Remoting.Proxies.RealProxy.HandleReturnMessage(IMessage reqMsg, IMessage retMsg)
   at System.Runtime.Remoting.Proxies.RealProxy.PrivateInvoke(MessageData& msgData, Int32 type)
   at NSwarm.IAgentInterfaceWrapper.MethodDelegate.EndInvoke(Hashtable& OutParameters, IAsyncResult result)
   at NSwarm.FSwarmInterface.TryOpenConnection(FConnectionCallback CallbackFunc, IntPtr CallbackData, ELogFlags LoggingFlags) in D:\Build\++UE4\Sync\Engine\Saved\CsTools\Engine\Source\Editor\SwarmInterface\DotNET\SwarmInterface.cs:line 2811
[2020.03.04-21.20.01:014][ 75]LogSwarmInterface: Error: [TryOpenConnection] Waiting for the agent to start up ...
[2020.03.04-21.20.01:014][ 75]LogSwarmInterface: Error: System.Net.Sockets.SocketException (0x80004005): No connection could be made because the target machine actively refused it 127.0.0.1:8008

Server stack trace: 
   at System.Net.Sockets.Socket.DoConnect(EndPoint endPointSnapshot, SocketAddress socketAddress)
   at System.Net.Sockets.Socket.Connect(EndPoint remoteEP)
   at System.Runtime.Remoting.Channels.RemoteConnection.CreateNewSocket(EndPoint ipEndPoint)
   at System.Runtime.Remoting.Channels.SocketCache.GetSocket(String machinePortAndSid, Boolean openNew)
   at System.Runtime.Remoting.Channels.Tcp.TcpClientTransportSink.SendRequestWithRetry(IMessage msg, ITransportHeaders requestHeaders, Stream requestStream)
   at System.Runtime.Remoting.Channels.Tcp.TcpClientTransportSink.AsyncProcessRequest(IClientChannelSinkStack sinkStack, IMessage msg, ITransportHeaders headers, Stream stream)
   at System.Runtime.Remoting.Channels.BinaryClientFormatterSink.AsyncProcessMessage(IMessage msg, IMessageSink replySink)

Exception rethrown at [0]: 
   at System.Runtime.Remoting.Proxies.RealProxy.HandleReturnMessage(IMessage reqMsg, IMessage retMsg)
   at System.Runtime.Remoting.Proxies.RealProxy.PrivateInvoke(MessageData& msgData, Int32 type)
   at NSwarm.IAgentInterfaceWrapper.MethodDelegate.EndInvoke(Hashtable& OutParameters, IAsyncResult result)
   at NSwarm.FSwarmInterface.TryOpenConnection(FConnectionCallback CallbackFunc, IntPtr CallbackData, ELogFlags LoggingFlags) in D:\Build\++UE4\Sync\Engine\Saved\CsTools\Engine\Source\Editor\SwarmInterface\DotNET\SwarmInterface.cs:line 2811
[2020.03.04-21.20.10:020][ 75]LogSwarmInterface: Error: [TryOpenConnection] Waiting for the agent to start up ...
[2020.03.04-21.20.10:020][ 75]LogSwarmInterface: Error: System.Net.Sockets.SocketException (0x80004005): No connection could be made because the target machine actively refused it 127.0.0.1:8008

Server stack trace: 
   at System.Net.Sockets.Socket.DoConnect(EndPoint endPointSnapshot, SocketAddress socketAddress)
   at System.Net.Sockets.Socket.Connect(EndPoint remoteEP)
   at System.Runtime.Remoting.Channels.RemoteConnection.CreateNewSocket(EndPoint ipEndPoint)
   at System.Runtime.Remoting.Channels.SocketCache.GetSocket(String machinePortAndSid, Boolean openNew)
   at System.Runtime.Remoting.Channels.Tcp.TcpClientTransportSink.SendRequestWithRetry(IMessage msg, ITransportHeaders requestHeaders, Stream requestStream)
   at System.Runtime.Remoting.Channels.Tcp.TcpClientTransportSink.AsyncProcessRequest(IClientChannelSinkStack sinkStack, IMessage msg, ITransportHeaders headers, Stream stream)
   at System.Runtime.Remoting.Channels.BinaryClientFormatterSink.AsyncProcessMessage(IMessage msg, IMessageSink replySink)

Exception rethrown at [0]: 
   at System.Runtime.Remoting.Proxies.RealProxy.HandleReturnMessage(IMessage reqMsg, IMessage retMsg)
   at System.Runtime.Remoting.Proxies.RealProxy.PrivateInvoke(MessageData& msgData, Int32 type)
   at NSwarm.IAgentInterfaceWrapper.MethodDelegate.EndInvoke(Hashtable& OutParameters, IAsyncResult result)
   at NSwarm.FSwarmInterface.TryOpenConnection(FConnectionCallback CallbackFunc, IntPtr CallbackData, ELogFlags LoggingFlags) in D:\Build\++UE4\Sync\Engine\Saved\CsTools\Engine\Source\Editor\SwarmInterface\DotNET\SwarmInterface.cs:line 2811
[2020.03.04-21.20.19:027][ 75]LogSwarmInterface: Error: [TryOpenConnection] Waiting for the agent to start up ...
[2020.03.04-21.20.19:027][ 75]LogSwarmInterface: Error: System.Net.Sockets.SocketException (0x80004005): No connection could be made because the target machine actively refused it 127.0.0.1:8008

Server stack trace: 
   at System.Net.Sockets.Socket.DoConnect(EndPoint endPointSnapshot, SocketAddress socketAddress)
   at System.Net.Sockets.Socket.Connect(EndPoint remoteEP)
   at System.Runtime.Remoting.Channels.RemoteConnection.CreateNewSocket(EndPoint ipEndPoint)
   at System.Runtime.Remoting.Channels.SocketCache.GetSocket(String machinePortAndSid, Boolean openNew)
   at System.Runtime.Remoting.Channels.Tcp.TcpClientTransportSink.SendRequestWithRetry(IMessage msg, ITransportHeaders requestHeaders, Stream requestStream)
   at System.Runtime.Remoting.Channels.Tcp.TcpClientTransportSink.AsyncProcessRequest(IClientChannelSinkStack sinkStack, IMessage msg, ITransportHeaders headers, Stream stream)
   at System.Runtime.Remoting.Channels.BinaryClientFormatterSink.AsyncProcessMessage(IMessage msg, IMessageSink replySink)

Exception rethrown at [0]: 
   at System.Runtime.Remoting.Proxies.RealProxy.HandleReturnMessage(IMessage reqMsg, IMessage retMsg)
   at System.Runtime.Remoting.Proxies.RealProxy.PrivateInvoke(MessageData& msgData, Int32 type)
   at NSwarm.IAgentInterfaceWrapper.MethodDelegate.EndInvoke(Hashtable& OutParameters, IAsyncResult result)
   at NSwarm.FSwarmInterface.TryOpenConnection(FConnectionCallback CallbackFunc, IntPtr CallbackData, ELogFlags LoggingFlags) in D:\Build\++UE4\Sync\Engine\Saved\CsTools\Engine\Source\Editor\SwarmInterface\DotNET\SwarmInterface.cs:line 2811
[2020.03.04-21.20.28:033][ 75]LogSwarmInterface: Error: [TryOpenConnection] Waiting for the agent to start up ...
[2020.03.04-21.20.28:033][ 75]LogSwarmInterface: Error: System.Net.Sockets.SocketException (0x80004005): No connection could be made because the target machine actively refused it 127.0.0.1:8008

Server stack trace: 
   at System.Net.Sockets.Socket.DoConnect(EndPoint endPointSnapshot, SocketAddress socketAddress)
   at System.Net.Sockets.Socket.Connect(EndPoint remoteEP)
   at System.Runtime.Remoting.Channels.RemoteConnection.CreateNewSocket(EndPoint ipEndPoint)
   at System.Runtime.Remoting.Channels.SocketCache.GetSocket(String machinePortAndSid, Boolean openNew)
   at System.Runtime.Remoting.Channels.Tcp.TcpClientTransportSink.SendRequestWithRetry(IMessage msg, ITransportHeaders requestHeaders, Stream requestStream)
   at System.Runtime.Remoting.Channels.Tcp.TcpClientTransportSink.AsyncProcessRequest(IClientChannelSinkStack sinkStack, IMessage msg, ITransportHeaders headers, Stream stream)
   at System.Runtime.Remoting.Channels.BinaryClientFormatterSink.AsyncProcessMessage(IMessage msg, IMessageSink replySink)

Exception rethrown at [0]: 
   at System.Runtime.Remoting.Proxies.RealProxy.HandleReturnMessage(IMessage reqMsg, IMessage retMsg)
   at System.Runtime.Remoting.Proxies.RealProxy.PrivateInvoke(MessageData& msgData, Int32 type)
   at NSwarm.IAgentInterfaceWrapper.MethodDelegate.EndInvoke(Hashtable& OutParameters, IAsyncResult result)
   at NSwarm.FSwarmInterface.TryOpenConnection(FConnectionCallback CallbackFunc, IntPtr CallbackData, ELogFlags LoggingFlags) in D:\Build\++UE4\Sync\Engine\Saved\CsTools\Engine\Source\Editor\SwarmInterface\DotNET\SwarmInterface.cs:line 2811
[2020.03.04-21.20.37:038][ 75]LogSwarmInterface: Error: [TryOpenConnection] Waiting for the agent to start up ...
[2020.03.04-21.20.37:038][ 75]LogSwarmInterface: Error: System.Net.Sockets.SocketException (0x80004005): No connection could be made because the target machine actively refused it 127.0.0.1:8008

Server stack trace: 
   at System.Net.Sockets.Socket.DoConnect(EndPoint endPointSnapshot, SocketAddress socketAddress)
   at System.Net.Sockets.Socket.Connect(EndPoint remoteEP)
   at System.Runtime.Remoting.Channels.RemoteConnection.CreateNewSocket(EndPoint ipEndPoint)
   at System.Runtime.Remoting.Channels.SocketCache.GetSocket(String machinePortAndSid, Boolean openNew)
   at System.Runtime.Remoting.Channels.Tcp.TcpClientTransportSink.SendRequestWithRetry(IMessage msg, ITransportHeaders requestHeaders, Stream requestStream)
   at System.Runtime.Remoting.Channels.Tcp.TcpClientTransportSink.AsyncProcessRequest(IClientChannelSinkStack sinkStack, IMessage msg, ITransportHeaders headers, Stream stream)
   at System.Runtime.Remoting.Channels.BinaryClientFormatterSink.AsyncProcessMessage(IMessage msg, IMessageSink replySink)

Exception rethrown at [0]: 
   at System.Runtime.Remoting.Proxies.RealProxy.HandleReturnMessage(IMessage reqMsg, IMessage retMsg)
   at System.Runtime.Remoting.Proxies.RealProxy.PrivateInvoke(MessageData& msgData, Int32 type)
   at NSwarm.IAgentInterfaceWrapper.MethodDelegate.EndInvoke(Hashtable& OutParameters, IAsyncResult result)
   at NSwarm.FSwarmInterface.TryOpenConnection(FConnectionCallback CallbackFunc, IntPtr CallbackData, ELogFlags LoggingFlags) in D:\Build\++UE4\Sync\Engine\Saved\CsTools\Engine\Source\Editor\SwarmInterface\DotNET\SwarmInterface.cs:line 2811
[2020.03.04-21.20.46:043][ 75]LogSwarmInterface: Error: [TryOpenConnection] Waiting for the agent to start up ...
[2020.03.04-21.20.46:043][ 75]LogSwarmInterface: Error: System.Net.Sockets.SocketException (0x80004005): No connection could be made because the target machine actively refused it 127.0.0.1:8008

Server stack trace: 
   at System.Net.Sockets.Socket.DoConnect(EndPoint endPointSnapshot, SocketAddress socketAddress)
   at System.Net.Sockets.Socket.Connect(EndPoint remoteEP)
   at System.Runtime.Remoting.Channels.RemoteConnection.CreateNewSocket(EndPoint ipEndPoint)
   at System.Runtime.Remoting.Channels.SocketCache.GetSocket(String machinePortAndSid, Boolean openNew)
   at System.Runtime.Remoting.Channels.Tcp.TcpClientTransportSink.SendRequestWithRetry(IMessage msg, ITransportHeaders requestHeaders, Stream requestStream)
   at System.Runtime.Remoting.Channels.Tcp.TcpClientTransportSink.AsyncProcessRequest(IClientChannelSinkStack sinkStack, IMessage msg, ITransportHeaders headers, Stream stream)
   at System.Runtime.Remoting.Channels.BinaryClientFormatterSink.AsyncProcessMessage(IMessage msg, IMessageSink replySink)

Exception rethrown at [0]: 
   at System.Runtime.Remoting.Proxies.RealProxy.HandleReturnMessage(IMessage reqMsg, IMessage retMsg)
   at System.Runtime.Remoting.Proxies.RealProxy.PrivateInvoke(MessageData& msgData, Int32 type)
   at NSwarm.IAgentInterfaceWrapper.MethodDelegate.EndInvoke(Hashtable& OutParameters, IAsyncResult result)
   at NSwarm.FSwarmInterface.TryOpenConnection(FConnectionCallback CallbackFunc, IntPtr CallbackData, ELogFlags LoggingFlags) in D:\Build\++UE4\Sync\Engine\Saved\CsTools\Engine\Source\Editor\SwarmInterface\DotNET\SwarmInterface.cs:line 2811
[2020.03.04-21.20.55:049][ 75]LogSwarmInterface: Error: [TryOpenConnection] Waiting for the agent to start up ...
[2020.03.04-21.20.55:049][ 75]LogSwarmInterface: Error: System.Net.Sockets.SocketException (0x80004005): No connection could be made because the target machine actively refused it 127.0.0.1:8008

Server stack trace: 
   at System.Net.Sockets.Socket.DoConnect(EndPoint endPointSnapshot, SocketAddress socketAddress)
   at System.Net.Sockets.Socket.Connect(EndPoint remoteEP)
   at System.Runtime.Remoting.Channels.RemoteConnection.CreateNewSocket(EndPoint ipEndPoint)
   at System.Runtime.Remoting.Channels.SocketCache.GetSocket(String machinePortAndSid, Boolean openNew)
   at System.Runtime.Remoting.Channels.Tcp.TcpClientTransportSink.SendRequestWithRetry(IMessage msg, ITransportHeaders requestHeaders, Stream requestStream)
   at System.Runtime.Remoting.Channels.Tcp.TcpClientTransportSink.AsyncProcessRequest(IClientChannelSinkStack sinkStack, IMessage msg, ITransportHeaders headers, Stream stream)
   at System.Runtime.Remoting.Channels.BinaryClientFormatterSink.AsyncProcessMessage(IMessage msg, IMessageSink replySink)

Exception rethrown at [0]: 
   at System.Runtime.Remoting.Proxies.RealProxy.HandleReturnMessage(IMessage reqMsg, IMessage retMsg)
   at System.Runtime.Remoting.Proxies.RealProxy.PrivateInvoke(MessageData& msgData, Int32 type)
   at NSwarm.IAgentInterfaceWrapper.MethodDelegate.EndInvoke(Hashtable& OutParameters, IAsyncResult result)
   at NSwarm.FSwarmInterface.TryOpenConnection(FConnectionCallback CallbackFunc, IntPtr CallbackData, ELogFlags LoggingFlags) in D:\Build\++UE4\Sync\Engine\Saved\CsTools\Engine\Source\Editor\SwarmInterface\DotNET\SwarmInterface.cs:line 2811
[2020.03.04-21.21.04:056][ 75]LogSwarmInterface: Error: [TryOpenConnection] Waiting for the agent to start up ...
[2020.03.04-21.21.04:056][ 75]LogSwarmInterface: Error: System.Net.Sockets.SocketException (0x80004005): No connection could be made because the target machine actively refused it 127.0.0.1:8008

Server stack trace: 
   at System.Net.Sockets.Socket.DoConnect(EndPoint endPointSnapshot, SocketAddress socketAddress)
   at System.Net.Sockets.Socket.Connect(EndPoint remoteEP)
   at System.Runtime.Remoting.Channels.RemoteConnection.CreateNewSocket(EndPoint ipEndPoint)
   at System.Runtime.Remoting.Channels.SocketCache.GetSocket(String machinePortAndSid, Boolean openNew)
   at System.Runtime.Remoting.Channels.Tcp.TcpClientTransportSink.SendRequestWithRetry(IMessage msg, ITransportHeaders requestHeaders, Stream requestStream)
   at System.Runtime.Remoting.Channels.Tcp.TcpClientTransportSink.AsyncProcessRequest(IClientChannelSinkStack sinkStack, IMessage msg, ITransportHeaders headers, Stream stream)
   at System.Runtime.Remoting.Channels.BinaryClientFormatterSink.AsyncProcessMessage(IMessage msg, IMessageSink replySink)

Exception rethrown at [0]: 
   at System.Runtime.Remoting.Proxies.RealProxy.HandleReturnMessage(IMessage reqMsg, IMessage retMsg)
   at System.Runtime.Remoting.Proxies.RealProxy.PrivateInvoke(MessageData& msgData, Int32 type)
   at NSwarm.IAgentInterfaceWrapper.MethodDelegate.EndInvoke(Hashtable& OutParameters, IAsyncResult result)
   at NSwarm.FSwarmInterface.TryOpenConnection(FConnectionCallback CallbackFunc, IntPtr CallbackData, ELogFlags LoggingFlags) in D:\Build\++UE4\Sync\Engine\Saved\CsTools\Engine\Source\Editor\SwarmInterface\DotNET\SwarmInterface.cs:line 2811
